-------------------------------------------------------------------------------
Test set: org.komparator.mediator.ws.it.BuyCartIT
-------------------------------------------------------------------------------
Tests run: 9, Failures: 0, Errors: 6, Skipped: 0, Time elapsed: 26.667 sec <<< FAILURE! - in org.komparator.mediator.ws.it.BuyCartIT
testInvalidCard(org.komparator.mediator.ws.it.BuyCartIT)  Time elapsed: 2.892 sec  <<< ERROR!
java.lang.Exception: Unexpected exception, expected<org.komparator.mediator.ws.InvalidCreditCard_Exception> but was<com.sun.xml.ws.fault.ServerSOAPFaultException>
	at org.komparator.mediator.ws.it.BuyCartIT.testInvalidCard(BuyCartIT.java:165)

testIncompleteCard(org.komparator.mediator.ws.it.BuyCartIT)  Time elapsed: 2.728 sec  <<< ERROR!
java.lang.Exception: Unexpected exception, expected<org.komparator.mediator.ws.InvalidCreditCard_Exception> but was<com.sun.xml.ws.fault.ServerSOAPFaultException>
	at org.komparator.mediator.ws.it.BuyCartIT.testIncompleteCard(BuyCartIT.java:154)

testFullBuy(org.komparator.mediator.ws.it.BuyCartIT)  Time elapsed: 4.075 sec  <<< ERROR!
com.sun.xml.ws.fault.ServerSOAPFaultException: Client received SOAP Fault from server: java.lang.RuntimeException Please see the server log to find more detail regarding exact cause of the failure.
	at org.komparator.mediator.ws.it.BuyCartIT.testFullBuy(BuyCartIT.java:226)

testPartialBuy(org.komparator.mediator.ws.it.BuyCartIT)  Time elapsed: 3.726 sec  <<< ERROR!
com.sun.xml.ws.fault.ServerSOAPFaultException: Client received SOAP Fault from server: java.lang.RuntimeException Please see the server log to find more detail regarding exact cause of the failure.
	at org.komparator.mediator.ws.it.BuyCartIT.testPartialBuy(BuyCartIT.java:257)

testEmptyCardId(org.komparator.mediator.ws.it.BuyCartIT)  Time elapsed: 2.891 sec  <<< ERROR!
java.lang.Exception: Unexpected exception, expected<org.komparator.mediator.ws.InvalidCreditCard_Exception> but was<com.sun.xml.ws.fault.ServerSOAPFaultException>
	at org.komparator.mediator.ws.it.BuyCartIT.testEmptyCardId(BuyCartIT.java:143)

testEmptyBuy(org.komparator.mediator.ws.it.BuyCartIT)  Time elapsed: 3.819 sec  <<< ERROR!
com.sun.xml.ws.fault.ServerSOAPFaultException: Client received SOAP Fault from server: java.lang.RuntimeException Please see the server log to find more detail regarding exact cause of the failure.
	at org.komparator.mediator.ws.it.BuyCartIT.testEmptyBuy(BuyCartIT.java:296)

