<?xml version="1.0" encoding="UTF-8"?>
<testsuite xmlns:xsi="http://www.w3.org/2001/XMLSchema-instance" xsi:schemaLocation="https://maven.apache.org/surefire/maven-surefire-plugin/xsd/surefire-test-report.xsd" name="org.komparator.mediator.ws.it.BuyCartIT" time="26.667" tests="9" errors="6" skipped="0" failures="0">
  <properties>
[...]
</properties>
  <testcase name="testInvalidCard" classname="org.komparator.mediator.ws.it.BuyCartIT" time="2.892">
    <error message="Unexpected exception, expected&lt;org.komparator.mediator.ws.InvalidCreditCard_Exception&gt; but was&lt;com.sun.xml.ws.fault.ServerSOAPFaultException&gt;" type="java.lang.Exception"><![CDATA[java.lang.Exception: Unexpected exception, expected<org.komparator.mediator.ws.InvalidCreditCard_Exception> but was<com.sun.xml.ws.fault.ServerSOAPFaultException>
	at org.komparator.mediator.ws.it.BuyCartIT.testInvalidCard(BuyCartIT.java:165)
]]></error>
    <system-out><![CDATA[[2017-05-05T00:58:07.614] intercepted OUTbound SOAP message:
<S:Envelope xmlns:S="http://schemas.xmlsoap.org/soap/envelope/" xmlns:SOAP-ENV="http://schemas.xmlsoap.org/soap/envelope/"><SOAP-ENV:Header/><S:Body><ns2:clear xmlns:ns2="http://ws.mediator.komparator.org/"/></S:Body></S:Envelope>

CIPHER HANDLER --- intercepted OUTbound SOAP message.
TIMER HANDLER --- intercepted OUTbound SOAP message:
<S:Envelope xmlns:S="http://schemas.xmlsoap.org/soap/envelope/" xmlns:SOAP-ENV="http://schemas.xmlsoap.org/soap/envelope/"><SOAP-ENV:Header><d:timestamp xmlns:d="http://demo">2017-05-05T00:58:07.615</d:timestamp></SOAP-ENV:Header><S:Body><ns2:clear xmlns:ns2="http://ws.mediator.komparator.org/"/></S:Body></S:Envelope>

[2017-05-05T00:58:07.615] intercepted OUTbound SOAP message:
<S:Envelope xmlns:S="http://schemas.xmlsoap.org/soap/envelope/" xmlns:SOAP-ENV="http://schemas.xmlsoap.org/soap/envelope/"><SOAP-ENV:Header><d:timestamp xmlns:d="http://demo">2017-05-05T00:58:07.615</d:timestamp></SOAP-ENV:Header><S:Body><ns2:clear xmlns:ns2="http://ws.mediator.komparator.org/"/></S:Body></S:Envelope>

[2017-05-05T00:58:08.131] intercepted  INbound SOAP message:
<S:Envelope xmlns:S="http://schemas.xmlsoap.org/soap/envelope/" xmlns:SOAP-ENV="http://schemas.xmlsoap.org/soap/envelope/"><SOAP-ENV:Header><d:timestamp xmlns:d="http://demo">2017-05-05T00:58:08.088</d:timestamp></SOAP-ENV:Header><S:Body><ns2:clearResponse xmlns:ns2="http://ws.mediator.komparator.org/"/></S:Body></S:Envelope>

TIMER HANDLER --- intercepted INbound SOAP message:
SOAP message:
<S:Envelope xmlns:S="http://schemas.xmlsoap.org/soap/envelope/" xmlns:SOAP-ENV="http://schemas.xmlsoap.org/soap/envelope/"><SOAP-ENV:Header><d:timestamp xmlns:d="http://demo">2017-05-05T00:58:08.088</d:timestamp></SOAP-ENV:Header><S:Body><ns2:clearResponse xmlns:ns2="http://ws.mediator.komparator.org/"/></S:Body></S:Envelope>

CIPHER HANDLER --- intercepted INbound SOAP message.
[2017-05-05T00:58:08.134] intercepted  INbound SOAP message:
<S:Envelope xmlns:S="http://schemas.xmlsoap.org/soap/envelope/" xmlns:SOAP-ENV="http://schemas.xmlsoap.org/soap/envelope/"><SOAP-ENV:Header><d:timestamp xmlns:d="http://demo">2017-05-05T00:58:08.088</d:timestamp></SOAP-ENV:Header><S:Body><ns2:clearResponse xmlns:ns2="http://ws.mediator.komparator.org/"/></S:Body></S:Envelope>

Loaded test properties:
{ws.name=A67_Mediator, uddi.enabled=true, uddi.url=http://a67:ti7LCU5H@uddi.sd.rnl.tecnico.ulisboa.pt:9090, ws.url=${ws.url}}
[2017-05-05T00:58:08.658] intercepted OUTbound SOAP message:
<S:Envelope xmlns:S="http://schemas.xmlsoap.org/soap/envelope/" xmlns:SOAP-ENV="http://schemas.xmlsoap.org/soap/envelope/"><SOAP-ENV:Header/><S:Body><ns2:clear xmlns:ns2="http://ws.mediator.komparator.org/"/></S:Body></S:Envelope>

CIPHER HANDLER --- intercepted OUTbound SOAP message.
TIMER HANDLER --- intercepted OUTbound SOAP message:
<S:Envelope xmlns:S="http://schemas.xmlsoap.org/soap/envelope/" xmlns:SOAP-ENV="http://schemas.xmlsoap.org/soap/envelope/"><SOAP-ENV:Header><d:timestamp xmlns:d="http://demo">2017-05-05T00:58:08.660</d:timestamp></SOAP-ENV:Header><S:Body><ns2:clear xmlns:ns2="http://ws.mediator.komparator.org/"/></S:Body></S:Envelope>

[2017-05-05T00:58:08.661] intercepted OUTbound SOAP message:
<S:Envelope xmlns:S="http://schemas.xmlsoap.org/soap/envelope/" xmlns:SOAP-ENV="http://schemas.xmlsoap.org/soap/envelope/"><SOAP-ENV:Header><d:timestamp xmlns:d="http://demo">2017-05-05T00:58:08.660</d:timestamp></SOAP-ENV:Header><S:Body><ns2:clear xmlns:ns2="http://ws.mediator.komparator.org/"/></S:Body></S:Envelope>

[2017-05-05T00:58:09.199] intercepted  INbound SOAP message:
<S:Envelope xmlns:S="http://schemas.xmlsoap.org/soap/envelope/" xmlns:SOAP-ENV="http://schemas.xmlsoap.org/soap/envelope/"><SOAP-ENV:Header><d:timestamp xmlns:d="http://demo">2017-05-05T00:58:09.198</d:timestamp></SOAP-ENV:Header><S:Body><ns2:clearResponse xmlns:ns2="http://ws.mediator.komparator.org/"/></S:Body></S:Envelope>

TIMER HANDLER --- intercepted INbound SOAP message:
SOAP message:
<S:Envelope xmlns:S="http://schemas.xmlsoap.org/soap/envelope/" xmlns:SOAP-ENV="http://schemas.xmlsoap.org/soap/envelope/"><SOAP-ENV:Header><d:timestamp xmlns:d="http://demo">2017-05-05T00:58:09.198</d:timestamp></SOAP-ENV:Header><S:Body><ns2:clearResponse xmlns:ns2="http://ws.mediator.komparator.org/"/></S:Body></S:Envelope>

CIPHER HANDLER --- intercepted INbound SOAP message.
[2017-05-05T00:58:09.201] intercepted  INbound SOAP message:
<S:Envelope xmlns:S="http://schemas.xmlsoap.org/soap/envelope/" xmlns:SOAP-ENV="http://schemas.xmlsoap.org/soap/envelope/"><SOAP-ENV:Header><d:timestamp xmlns:d="http://demo">2017-05-05T00:58:09.198</d:timestamp></SOAP-ENV:Header><S:Body><ns2:clearResponse xmlns:ns2="http://ws.mediator.komparator.org/"/></S:Body></S:Envelope>

[2017-05-05T00:58:09.792] intercepted OUTbound SOAP message:
<S:Envelope xmlns:S="http://schemas.xmlsoap.org/soap/envelope/" xmlns:SOAP-ENV="http://schemas.xmlsoap.org/soap/envelope/"><SOAP-ENV:Header/><S:Body><ns2:createProduct xmlns:ns2="http://ws.supplier.komparator.org/"><productToCreate><id>p1</id><desc>AAA bateries (pack of 3)</desc><quantity>10</quantity><price>3</price></productToCreate></ns2:createProduct></S:Body></S:Envelope>

TIMER HANDLER --- intercepted OUTbound SOAP message:
<S:Envelope xmlns:S="http://schemas.xmlsoap.org/soap/envelope/" xmlns:SOAP-ENV="http://schemas.xmlsoap.org/soap/envelope/"><SOAP-ENV:Header><d:timestamp xmlns:d="http://demo">2017-05-05T00:58:09.793</d:timestamp></SOAP-ENV:Header><S:Body><ns2:createProduct xmlns:ns2="http://ws.supplier.komparator.org/"><productToCreate><id>p1</id><desc>AAA bateries (pack of 3)</desc><quantity>10</quantity><price>3</price></productToCreate></ns2:createProduct></S:Body></S:Envelope>

[2017-05-05T00:58:09.793] intercepted OUTbound SOAP message:
<S:Envelope xmlns:S="http://schemas.xmlsoap.org/soap/envelope/" xmlns:SOAP-ENV="http://schemas.xmlsoap.org/soap/envelope/"><SOAP-ENV:Header><d:timestamp xmlns:d="http://demo">2017-05-05T00:58:09.793</d:timestamp></SOAP-ENV:Header><S:Body><ns2:createProduct xmlns:ns2="http://ws.supplier.komparator.org/"><productToCreate><id>p1</id><desc>AAA bateries (pack of 3)</desc><quantity>10</quantity><price>3</price></productToCreate></ns2:createProduct></S:Body></S:Envelope>

[2017-05-05T00:58:09.830] intercepted  INbound SOAP message:
<S:Envelope xmlns:S="http://schemas.xmlsoap.org/soap/envelope/" xmlns:SOAP-ENV="http://schemas.xmlsoap.org/soap/envelope/"><SOAP-ENV:Header><d:timestamp xmlns:d="http://demo">2017-05-05T00:58:09.828</d:timestamp></SOAP-ENV:Header><S:Body><ns2:createProductResponse xmlns:ns2="http://ws.supplier.komparator.org/"/></S:Body></S:Envelope>

TIMER HANDLER --- intercepted INbound SOAP message:
SOAP message:
<S:Envelope xmlns:S="http://schemas.xmlsoap.org/soap/envelope/" xmlns:SOAP-ENV="http://schemas.xmlsoap.org/soap/envelope/"><SOAP-ENV:Header><d:timestamp xmlns:d="http://demo">2017-05-05T00:58:09.828</d:timestamp></SOAP-ENV:Header><S:Body><ns2:createProductResponse xmlns:ns2="http://ws.supplier.komparator.org/"/></S:Body></S:Envelope>

[2017-05-05T00:58:09.833] intercepted  INbound SOAP message:
<S:Envelope xmlns:S="http://schemas.xmlsoap.org/soap/envelope/" xmlns:SOAP-ENV="http://schemas.xmlsoap.org/soap/envelope/"><SOAP-ENV:Header><d:timestamp xmlns:d="http://demo">2017-05-05T00:58:09.828</d:timestamp></SOAP-ENV:Header><S:Body><ns2:createProductResponse xmlns:ns2="http://ws.supplier.komparator.org/"/></S:Body></S:Envelope>

[2017-05-05T00:58:09.834] intercepted OUTbound SOAP message:
<S:Envelope xmlns:S="http://schemas.xmlsoap.org/soap/envelope/" xmlns:SOAP-ENV="http://schemas.xmlsoap.org/soap/envelope/"><SOAP-ENV:Header/><S:Body><ns2:createProduct xmlns:ns2="http://ws.supplier.komparator.org/"><productToCreate><id>p1</id><desc>3batteries</desc><quantity>10</quantity><price>4</price></productToCreate></ns2:createProduct></S:Body></S:Envelope>

TIMER HANDLER --- intercepted OUTbound SOAP message:
<S:Envelope xmlns:S="http://schemas.xmlsoap.org/soap/envelope/" xmlns:SOAP-ENV="http://schemas.xmlsoap.org/soap/envelope/"><SOAP-ENV:Header><d:timestamp xmlns:d="http://demo">2017-05-05T00:58:09.835</d:timestamp></SOAP-ENV:Header><S:Body><ns2:createProduct xmlns:ns2="http://ws.supplier.komparator.org/"><productToCreate><id>p1</id><desc>3batteries</desc><quantity>10</quantity><price>4</price></productToCreate></ns2:createProduct></S:Body></S:Envelope>

[2017-05-05T00:58:09.836] intercepted OUTbound SOAP message:
<S:Envelope xmlns:S="http://schemas.xmlsoap.org/soap/envelope/" xmlns:SOAP-ENV="http://schemas.xmlsoap.org/soap/envelope/"><SOAP-ENV:Header><d:timestamp xmlns:d="http://demo">2017-05-05T00:58:09.835</d:timestamp></SOAP-ENV:Header><S:Body><ns2:createProduct xmlns:ns2="http://ws.supplier.komparator.org/"><productToCreate><id>p1</id><desc>3batteries</desc><quantity>10</quantity><price>4</price></productToCreate></ns2:createProduct></S:Body></S:Envelope>

[2017-05-05T00:58:09.844] intercepted  INbound SOAP message:
<S:Envelope xmlns:S="http://schemas.xmlsoap.org/soap/envelope/" xmlns:SOAP-ENV="http://schemas.xmlsoap.org/soap/envelope/"><SOAP-ENV:Header><d:timestamp xmlns:d="http://demo">2017-05-05T00:58:09.842</d:timestamp></SOAP-ENV:Header><S:Body><ns2:createProductResponse xmlns:ns2="http://ws.supplier.komparator.org/"/></S:Body></S:Envelope>

TIMER HANDLER --- intercepted INbound SOAP message:
SOAP message:
<S:Envelope xmlns:S="http://schemas.xmlsoap.org/soap/envelope/" xmlns:SOAP-ENV="http://schemas.xmlsoap.org/soap/envelope/"><SOAP-ENV:Header><d:timestamp xmlns:d="http://demo">2017-05-05T00:58:09.842</d:timestamp></SOAP-ENV:Header><S:Body><ns2:createProductResponse xmlns:ns2="http://ws.supplier.komparator.org/"/></S:Body></S:Envelope>

[2017-05-05T00:58:09.845] intercepted  INbound SOAP message:
<S:Envelope xmlns:S="http://schemas.xmlsoap.org/soap/envelope/" xmlns:SOAP-ENV="http://schemas.xmlsoap.org/soap/envelope/"><SOAP-ENV:Header><d:timestamp xmlns:d="http://demo">2017-05-05T00:58:09.842</d:timestamp></SOAP-ENV:Header><S:Body><ns2:createProductResponse xmlns:ns2="http://ws.supplier.komparator.org/"/></S:Body></S:Envelope>

[2017-05-05T00:58:09.846] intercepted OUTbound SOAP message:
<S:Envelope xmlns:S="http://schemas.xmlsoap.org/soap/envelope/" xmlns:SOAP-ENV="http://schemas.xmlsoap.org/soap/envelope/"><SOAP-ENV:Header/><S:Body><ns2:createProduct xmlns:ns2="http://ws.supplier.komparator.org/"><productToCreate><id>p2</id><desc>AAA bateries (pack of 10)</desc><quantity>20</quantity><price>9</price></productToCreate></ns2:createProduct></S:Body></S:Envelope>

TIMER HANDLER --- intercepted OUTbound SOAP message:
<S:Envelope xmlns:S="http://schemas.xmlsoap.org/soap/envelope/" xmlns:SOAP-ENV="http://schemas.xmlsoap.org/soap/envelope/"><SOAP-ENV:Header><d:timestamp xmlns:d="http://demo">2017-05-05T00:58:09.848</d:timestamp></SOAP-ENV:Header><S:Body><ns2:createProduct xmlns:ns2="http://ws.supplier.komparator.org/"><productToCreate><id>p2</id><desc>AAA bateries (pack of 10)</desc><quantity>20</quantity><price>9</price></productToCreate></ns2:createProduct></S:Body></S:Envelope>

[2017-05-05T00:58:09.848] intercepted OUTbound SOAP message:
<S:Envelope xmlns:S="http://schemas.xmlsoap.org/soap/envelope/" xmlns:SOAP-ENV="http://schemas.xmlsoap.org/soap/envelope/"><SOAP-ENV:Header><d:timestamp xmlns:d="http://demo">2017-05-05T00:58:09.848</d:timestamp></SOAP-ENV:Header><S:Body><ns2:createProduct xmlns:ns2="http://ws.supplier.komparator.org/"><productToCreate><id>p2</id><desc>AAA bateries (pack of 10)</desc><quantity>20</quantity><price>9</price></productToCreate></ns2:createProduct></S:Body></S:Envelope>

[2017-05-05T00:58:09.895] intercepted  INbound SOAP message:
<S:Envelope xmlns:S="http://schemas.xmlsoap.org/soap/envelope/" xmlns:SOAP-ENV="http://schemas.xmlsoap.org/soap/envelope/"><SOAP-ENV:Header><d:timestamp xmlns:d="http://demo">2017-05-05T00:58:09.853</d:timestamp></SOAP-ENV:Header><S:Body><ns2:createProductResponse xmlns:ns2="http://ws.supplier.komparator.org/"/></S:Body></S:Envelope>

TIMER HANDLER --- intercepted INbound SOAP message:
SOAP message:
<S:Envelope xmlns:S="http://schemas.xmlsoap.org/soap/envelope/" xmlns:SOAP-ENV="http://schemas.xmlsoap.org/soap/envelope/"><SOAP-ENV:Header><d:timestamp xmlns:d="http://demo">2017-05-05T00:58:09.853</d:timestamp></SOAP-ENV:Header><S:Body><ns2:createProductResponse xmlns:ns2="http://ws.supplier.komparator.org/"/></S:Body></S:Envelope>

[2017-05-05T00:58:09.897] intercepted  INbound SOAP message:
<S:Envelope xmlns:S="http://schemas.xmlsoap.org/soap/envelope/" xmlns:SOAP-ENV="http://schemas.xmlsoap.org/soap/envelope/"><SOAP-ENV:Header><d:timestamp xmlns:d="http://demo">2017-05-05T00:58:09.853</d:timestamp></SOAP-ENV:Header><S:Body><ns2:createProductResponse xmlns:ns2="http://ws.supplier.komparator.org/"/></S:Body></S:Envelope>

[2017-05-05T00:58:09.898] intercepted OUTbound SOAP message:
<S:Envelope xmlns:S="http://schemas.xmlsoap.org/soap/envelope/" xmlns:SOAP-ENV="http://schemas.xmlsoap.org/soap/envelope/"><SOAP-ENV:Header/><S:Body><ns2:createProduct xmlns:ns2="http://ws.supplier.komparator.org/"><productToCreate><id>p2</id><desc>10x AAA battery</desc><quantity>20</quantity><price>8</price></productToCreate></ns2:createProduct></S:Body></S:Envelope>

TIMER HANDLER --- intercepted OUTbound SOAP message:
<S:Envelope xmlns:S="http://schemas.xmlsoap.org/soap/envelope/" xmlns:SOAP-ENV="http://schemas.xmlsoap.org/soap/envelope/"><SOAP-ENV:Header><d:timestamp xmlns:d="http://demo">2017-05-05T00:58:09.899</d:timestamp></SOAP-ENV:Header><S:Body><ns2:createProduct xmlns:ns2="http://ws.supplier.komparator.org/"><productToCreate><id>p2</id><desc>10x AAA battery</desc><quantity>20</quantity><price>8</price></productToCreate></ns2:createProduct></S:Body></S:Envelope>

[2017-05-05T00:58:09.899] intercepted OUTbound SOAP message:
<S:Envelope xmlns:S="http://schemas.xmlsoap.org/soap/envelope/" xmlns:SOAP-ENV="http://schemas.xmlsoap.org/soap/envelope/"><SOAP-ENV:Header><d:timestamp xmlns:d="http://demo">2017-05-05T00:58:09.899</d:timestamp></SOAP-ENV:Header><S:Body><ns2:createProduct xmlns:ns2="http://ws.supplier.komparator.org/"><productToCreate><id>p2</id><desc>10x AAA battery</desc><quantity>20</quantity><price>8</price></productToCreate></ns2:createProduct></S:Body></S:Envelope>

[2017-05-05T00:58:09.906] intercepted  INbound SOAP message:
<S:Envelope xmlns:S="http://schemas.xmlsoap.org/soap/envelope/" xmlns:SOAP-ENV="http://schemas.xmlsoap.org/soap/envelope/"><SOAP-ENV:Header><d:timestamp xmlns:d="http://demo">2017-05-05T00:58:09.904</d:timestamp></SOAP-ENV:Header><S:Body><ns2:createProductResponse xmlns:ns2="http://ws.supplier.komparator.org/"/></S:Body></S:Envelope>

TIMER HANDLER --- intercepted INbound SOAP message:
SOAP message:
<S:Envelope xmlns:S="http://schemas.xmlsoap.org/soap/envelope/" xmlns:SOAP-ENV="http://schemas.xmlsoap.org/soap/envelope/"><SOAP-ENV:Header><d:timestamp xmlns:d="http://demo">2017-05-05T00:58:09.904</d:timestamp></SOAP-ENV:Header><S:Body><ns2:createProductResponse xmlns:ns2="http://ws.supplier.komparator.org/"/></S:Body></S:Envelope>

[2017-05-05T00:58:09.909] intercepted  INbound SOAP message:
<S:Envelope xmlns:S="http://schemas.xmlsoap.org/soap/envelope/" xmlns:SOAP-ENV="http://schemas.xmlsoap.org/soap/envelope/"><SOAP-ENV:Header><d:timestamp xmlns:d="http://demo">2017-05-05T00:58:09.904</d:timestamp></SOAP-ENV:Header><S:Body><ns2:createProductResponse xmlns:ns2="http://ws.supplier.komparator.org/"/></S:Body></S:Envelope>

[2017-05-05T00:58:09.910] intercepted OUTbound SOAP message:
<S:Envelope xmlns:S="http://schemas.xmlsoap.org/soap/envelope/" xmlns:SOAP-ENV="http://schemas.xmlsoap.org/soap/envelope/"><SOAP-ENV:Header/><S:Body><ns2:createProduct xmlns:ns2="http://ws.supplier.komparator.org/"><productToCreate><id>p3</id><desc>Digital Multimeter</desc><quantity>5</quantity><price>15</price></productToCreate></ns2:createProduct></S:Body></S:Envelope>

TIMER HANDLER --- intercepted OUTbound SOAP message:
<S:Envelope xmlns:S="http://schemas.xmlsoap.org/soap/envelope/" xmlns:SOAP-ENV="http://schemas.xmlsoap.org/soap/envelope/"><SOAP-ENV:Header><d:timestamp xmlns:d="http://demo">2017-05-05T00:58:09.911</d:timestamp></SOAP-ENV:Header><S:Body><ns2:createProduct xmlns:ns2="http://ws.supplier.komparator.org/"><productToCreate><id>p3</id><desc>Digital Multimeter</desc><quantity>5</quantity><price>15</price></productToCreate></ns2:createProduct></S:Body></S:Envelope>

[2017-05-05T00:58:09.911] intercepted OUTbound SOAP message:
<S:Envelope xmlns:S="http://schemas.xmlsoap.org/soap/envelope/" xmlns:SOAP-ENV="http://schemas.xmlsoap.org/soap/envelope/"><SOAP-ENV:Header><d:timestamp xmlns:d="http://demo">2017-05-05T00:58:09.911</d:timestamp></SOAP-ENV:Header><S:Body><ns2:createProduct xmlns:ns2="http://ws.supplier.komparator.org/"><productToCreate><id>p3</id><desc>Digital Multimeter</desc><quantity>5</quantity><price>15</price></productToCreate></ns2:createProduct></S:Body></S:Envelope>

[2017-05-05T00:58:09.963] intercepted  INbound SOAP message:
<S:Envelope xmlns:S="http://schemas.xmlsoap.org/soap/envelope/" xmlns:SOAP-ENV="http://schemas.xmlsoap.org/soap/envelope/"><SOAP-ENV:Header><d:timestamp xmlns:d="http://demo">2017-05-05T00:58:09.917</d:timestamp></SOAP-ENV:Header><S:Body><ns2:createProductResponse xmlns:ns2="http://ws.supplier.komparator.org/"/></S:Body></S:Envelope>

TIMER HANDLER --- intercepted INbound SOAP message:
SOAP message:
<S:Envelope xmlns:S="http://schemas.xmlsoap.org/soap/envelope/" xmlns:SOAP-ENV="http://schemas.xmlsoap.org/soap/envelope/"><SOAP-ENV:Header><d:timestamp xmlns:d="http://demo">2017-05-05T00:58:09.917</d:timestamp></SOAP-ENV:Header><S:Body><ns2:createProductResponse xmlns:ns2="http://ws.supplier.komparator.org/"/></S:Body></S:Envelope>

[2017-05-05T00:58:09.964] intercepted  INbound SOAP message:
<S:Envelope xmlns:S="http://schemas.xmlsoap.org/soap/envelope/" xmlns:SOAP-ENV="http://schemas.xmlsoap.org/soap/envelope/"><SOAP-ENV:Header><d:timestamp xmlns:d="http://demo">2017-05-05T00:58:09.917</d:timestamp></SOAP-ENV:Header><S:Body><ns2:createProductResponse xmlns:ns2="http://ws.supplier.komparator.org/"/></S:Body></S:Envelope>

[2017-05-05T00:58:09.965] intercepted OUTbound SOAP message:
<S:Envelope xmlns:S="http://schemas.xmlsoap.org/soap/envelope/" xmlns:SOAP-ENV="http://schemas.xmlsoap.org/soap/envelope/"><SOAP-ENV:Header/><S:Body><ns2:createProduct xmlns:ns2="http://ws.supplier.komparator.org/"><productToCreate><id>p4</id><desc>very cheap batteries</desc><quantity>5</quantity><price>2</price></productToCreate></ns2:createProduct></S:Body></S:Envelope>

TIMER HANDLER --- intercepted OUTbound SOAP message:
<S:Envelope xmlns:S="http://schemas.xmlsoap.org/soap/envelope/" xmlns:SOAP-ENV="http://schemas.xmlsoap.org/soap/envelope/"><SOAP-ENV:Header><d:timestamp xmlns:d="http://demo">2017-05-05T00:58:09.966</d:timestamp></SOAP-ENV:Header><S:Body><ns2:createProduct xmlns:ns2="http://ws.supplier.komparator.org/"><productToCreate><id>p4</id><desc>very cheap batteries</desc><quantity>5</quantity><price>2</price></productToCreate></ns2:createProduct></S:Body></S:Envelope>

[2017-05-05T00:58:09.967] intercepted OUTbound SOAP message:
<S:Envelope xmlns:S="http://schemas.xmlsoap.org/soap/envelope/" xmlns:SOAP-ENV="http://schemas.xmlsoap.org/soap/envelope/"><SOAP-ENV:Header><d:timestamp xmlns:d="http://demo">2017-05-05T00:58:09.966</d:timestamp></SOAP-ENV:Header><S:Body><ns2:createProduct xmlns:ns2="http://ws.supplier.komparator.org/"><productToCreate><id>p4</id><desc>very cheap batteries</desc><quantity>5</quantity><price>2</price></productToCreate></ns2:createProduct></S:Body></S:Envelope>

[2017-05-05T00:58:10.015] intercepted  INbound SOAP message:
<S:Envelope xmlns:S="http://schemas.xmlsoap.org/soap/envelope/" xmlns:SOAP-ENV="http://schemas.xmlsoap.org/soap/envelope/"><SOAP-ENV:Header><d:timestamp xmlns:d="http://demo">2017-05-05T00:58:09.971</d:timestamp></SOAP-ENV:Header><S:Body><ns2:createProductResponse xmlns:ns2="http://ws.supplier.komparator.org/"/></S:Body></S:Envelope>

TIMER HANDLER --- intercepted INbound SOAP message:
SOAP message:
<S:Envelope xmlns:S="http://schemas.xmlsoap.org/soap/envelope/" xmlns:SOAP-ENV="http://schemas.xmlsoap.org/soap/envelope/"><SOAP-ENV:Header><d:timestamp xmlns:d="http://demo">2017-05-05T00:58:09.971</d:timestamp></SOAP-ENV:Header><S:Body><ns2:createProductResponse xmlns:ns2="http://ws.supplier.komparator.org/"/></S:Body></S:Envelope>

[2017-05-05T00:58:10.017] intercepted  INbound SOAP message:
<S:Envelope xmlns:S="http://schemas.xmlsoap.org/soap/envelope/" xmlns:SOAP-ENV="http://schemas.xmlsoap.org/soap/envelope/"><SOAP-ENV:Header><d:timestamp xmlns:d="http://demo">2017-05-05T00:58:09.971</d:timestamp></SOAP-ENV:Header><S:Body><ns2:createProductResponse xmlns:ns2="http://ws.supplier.komparator.org/"/></S:Body></S:Envelope>

[2017-05-05T00:58:10.017] intercepted OUTbound SOAP message:
<S:Envelope xmlns:S="http://schemas.xmlsoap.org/soap/envelope/" xmlns:SOAP-ENV="http://schemas.xmlsoap.org/soap/envelope/"><SOAP-ENV:Header/><S:Body><ns2:addToCart xmlns:ns2="http://ws.mediator.komparator.org/"><cartId>xyz</cartId><itemId><productId>p2</productId><supplierId>A67_Supplier1</supplierId></itemId><itemQty>1</itemQty></ns2:addToCart></S:Body></S:Envelope>

CIPHER HANDLER --- intercepted OUTbound SOAP message.
TIMER HANDLER --- intercepted OUTbound SOAP message:
<S:Envelope xmlns:S="http://schemas.xmlsoap.org/soap/envelope/" xmlns:SOAP-ENV="http://schemas.xmlsoap.org/soap/envelope/"><SOAP-ENV:Header><d:timestamp xmlns:d="http://demo">2017-05-05T00:58:10.019</d:timestamp></SOAP-ENV:Header><S:Body><ns2:addToCart xmlns:ns2="http://ws.mediator.komparator.org/"><cartId>xyz</cartId><itemId><productId>p2</productId><supplierId>A67_Supplier1</supplierId></itemId><itemQty>1</itemQty></ns2:addToCart></S:Body></S:Envelope>

[2017-05-05T00:58:10.019] intercepted OUTbound SOAP message:
<S:Envelope xmlns:S="http://schemas.xmlsoap.org/soap/envelope/" xmlns:SOAP-ENV="http://schemas.xmlsoap.org/soap/envelope/"><SOAP-ENV:Header><d:timestamp xmlns:d="http://demo">2017-05-05T00:58:10.019</d:timestamp></SOAP-ENV:Header><S:Body><ns2:addToCart xmlns:ns2="http://ws.mediator.komparator.org/"><cartId>xyz</cartId><itemId><productId>p2</productId><supplierId>A67_Supplier1</supplierId></itemId><itemQty>1</itemQty></ns2:addToCart></S:Body></S:Envelope>

[2017-05-05T00:58:10.338] intercepted  INbound SOAP message:
<S:Envelope xmlns:S="http://schemas.xmlsoap.org/soap/envelope/" xmlns:SOAP-ENV="http://schemas.xmlsoap.org/soap/envelope/"><SOAP-ENV:Header><d:timestamp xmlns:d="http://demo">2017-05-05T00:58:10.336</d:timestamp></SOAP-ENV:Header><S:Body><ns2:addToCartResponse xmlns:ns2="http://ws.mediator.komparator.org/"/></S:Body></S:Envelope>

TIMER HANDLER --- intercepted INbound SOAP message:
SOAP message:
<S:Envelope xmlns:S="http://schemas.xmlsoap.org/soap/envelope/" xmlns:SOAP-ENV="http://schemas.xmlsoap.org/soap/envelope/"><SOAP-ENV:Header><d:timestamp xmlns:d="http://demo">2017-05-05T00:58:10.336</d:timestamp></SOAP-ENV:Header><S:Body><ns2:addToCartResponse xmlns:ns2="http://ws.mediator.komparator.org/"/></S:Body></S:Envelope>

CIPHER HANDLER --- intercepted INbound SOAP message.
[2017-05-05T00:58:10.340] intercepted  INbound SOAP message:
<S:Envelope xmlns:S="http://schemas.xmlsoap.org/soap/envelope/" xmlns:SOAP-ENV="http://schemas.xmlsoap.org/soap/envelope/"><SOAP-ENV:Header><d:timestamp xmlns:d="http://demo">2017-05-05T00:58:10.336</d:timestamp></SOAP-ENV:Header><S:Body><ns2:addToCartResponse xmlns:ns2="http://ws.mediator.komparator.org/"/></S:Body></S:Envelope>

[2017-05-05T00:58:10.341] intercepted OUTbound SOAP message:
<S:Envelope xmlns:S="http://schemas.xmlsoap.org/soap/envelope/" xmlns:SOAP-ENV="http://schemas.xmlsoap.org/soap/envelope/"><SOAP-ENV:Header/><S:Body><ns2:buyCart xmlns:ns2="http://ws.mediator.komparator.org/"><cartId>xyz</cartId><creditCardNr>123456789012345227282828022802</creditCardNr></ns2:buyCart></S:Body></S:Envelope>

CIPHER HANDLER --- intercepted OUTbound SOAP message.
Ignoring IOException in handler: java.io.FileNotFoundException: src/main/resources/cer (No such file or directory)
TIMER HANDLER --- intercepted OUTbound SOAP message:
<S:Envelope xmlns:S="http://schemas.xmlsoap.org/soap/envelope/" xmlns:SOAP-ENV="http://schemas.xmlsoap.org/soap/envelope/"><SOAP-ENV:Header><d:timestamp xmlns:d="http://demo">2017-05-05T00:58:10.419</d:timestamp></SOAP-ENV:Header><S:Body><ns2:buyCart xmlns:ns2="http://ws.mediator.komparator.org/"><cartId>xyz</cartId><creditCardNr>123456789012345227282828022802</creditCardNr></ns2:buyCart></S:Body></S:Envelope>

[2017-05-05T00:58:10.420] intercepted OUTbound SOAP message:
<S:Envelope xmlns:S="http://schemas.xmlsoap.org/soap/envelope/" xmlns:SOAP-ENV="http://schemas.xmlsoap.org/soap/envelope/"><SOAP-ENV:Header><d:timestamp xmlns:d="http://demo">2017-05-05T00:58:10.419</d:timestamp></SOAP-ENV:Header><S:Body><ns2:buyCart xmlns:ns2="http://ws.mediator.komparator.org/"><cartId>xyz</cartId><creditCardNr>123456789012345227282828022802</creditCardNr></ns2:buyCart></S:Body></S:Envelope>

[2017-05-05T00:58:11.006] intercepted  INbound SOAP message:
<S:Envelope xmlns:S="http://schemas.xmlsoap.org/soap/envelope/" xmlns:SOAP-ENV="http://schemas.xmlsoap.org/soap/envelope/"><SOAP-ENV:Header/><S:Body><S:Fault xmlns:ns3="http://www.w3.org/2003/05/soap-envelope"><faultcode>S:Server</faultcode><faultstring>java.lang.RuntimeException</faultstring></S:Fault></S:Body></S:Envelope>

[2017-05-05T00:58:11.007] intercepted OUTbound SOAP message:
<S:Envelope xmlns:S="http://schemas.xmlsoap.org/soap/envelope/" xmlns:SOAP-ENV="http://schemas.xmlsoap.org/soap/envelope/"><SOAP-ENV:Header/><S:Body><ns2:clear xmlns:ns2="http://ws.mediator.komparator.org/"/></S:Body></S:Envelope>

CIPHER HANDLER --- intercepted OUTbound SOAP message.
TIMER HANDLER --- intercepted OUTbound SOAP message:
<S:Envelope xmlns:S="http://schemas.xmlsoap.org/soap/envelope/" xmlns:SOAP-ENV="http://schemas.xmlsoap.org/soap/envelope/"><SOAP-ENV:Header><d:timestamp xmlns:d="http://demo">2017-05-05T00:58:11.008</d:timestamp></SOAP-ENV:Header><S:Body><ns2:clear xmlns:ns2="http://ws.mediator.komparator.org/"/></S:Body></S:Envelope>

[2017-05-05T00:58:11.009] intercepted OUTbound SOAP message:
<S:Envelope xmlns:S="http://schemas.xmlsoap.org/soap/envelope/" xmlns:SOAP-ENV="http://schemas.xmlsoap.org/soap/envelope/"><SOAP-ENV:Header><d:timestamp xmlns:d="http://demo">2017-05-05T00:58:11.008</d:timestamp></SOAP-ENV:Header><S:Body><ns2:clear xmlns:ns2="http://ws.mediator.komparator.org/"/></S:Body></S:Envelope>

[2017-05-05T00:58:11.543] intercepted  INbound SOAP message:
<S:Envelope xmlns:S="http://schemas.xmlsoap.org/soap/envelope/" xmlns:SOAP-ENV="http://schemas.xmlsoap.org/soap/envelope/"><SOAP-ENV:Header><d:timestamp xmlns:d="http://demo">2017-05-05T00:58:11.499</d:timestamp></SOAP-ENV:Header><S:Body><ns2:clearResponse xmlns:ns2="http://ws.mediator.komparator.org/"/></S:Body></S:Envelope>

TIMER HANDLER --- intercepted INbound SOAP message:
SOAP message:
<S:Envelope xmlns:S="http://schemas.xmlsoap.org/soap/envelope/" xmlns:SOAP-ENV="http://schemas.xmlsoap.org/soap/envelope/"><SOAP-ENV:Header><d:timestamp xmlns:d="http://demo">2017-05-05T00:58:11.499</d:timestamp></SOAP-ENV:Header><S:Body><ns2:clearResponse xmlns:ns2="http://ws.mediator.komparator.org/"/></S:Body></S:Envelope>

CIPHER HANDLER --- intercepted INbound SOAP message.
[2017-05-05T00:58:11.545] intercepted  INbound SOAP message:
<S:Envelope xmlns:S="http://schemas.xmlsoap.org/soap/envelope/" xmlns:SOAP-ENV="http://schemas.xmlsoap.org/soap/envelope/"><SOAP-ENV:Header><d:timestamp xmlns:d="http://demo">2017-05-05T00:58:11.499</d:timestamp></SOAP-ENV:Header><S:Body><ns2:clearResponse xmlns:ns2="http://ws.mediator.komparator.org/"/></S:Body></S:Envelope>

]]></system-out>
  </testcase>
  <testcase name="testNullCart" classname="org.komparator.mediator.ws.it.BuyCartIT" time="2.014"/>
  <testcase name="testIncompleteCard" classname="org.komparator.mediator.ws.it.BuyCartIT" time="2.728">
    <error message="Unexpected exception, expected&lt;org.komparator.mediator.ws.InvalidCreditCard_Exception&gt; but was&lt;com.sun.xml.ws.fault.ServerSOAPFaultException&gt;" type="java.lang.Exception"><![CDATA[java.lang.Exception: Unexpected exception, expected<org.komparator.mediator.ws.InvalidCreditCard_Exception> but was<com.sun.xml.ws.fault.ServerSOAPFaultException>
	at org.komparator.mediator.ws.it.BuyCartIT.testIncompleteCard(BuyCartIT.java:154)
]]></error>
    <system-out><![CDATA[[2017-05-05T00:58:13.562] intercepted OUTbound SOAP message:
<S:Envelope xmlns:S="http://schemas.xmlsoap.org/soap/envelope/" xmlns:SOAP-ENV="http://schemas.xmlsoap.org/soap/envelope/"><SOAP-ENV:Header/><S:Body><ns2:clear xmlns:ns2="http://ws.mediator.komparator.org/"/></S:Body></S:Envelope>

CIPHER HANDLER --- intercepted OUTbound SOAP message.
TIMER HANDLER --- intercepted OUTbound SOAP message:
<S:Envelope xmlns:S="http://schemas.xmlsoap.org/soap/envelope/" xmlns:SOAP-ENV="http://schemas.xmlsoap.org/soap/envelope/"><SOAP-ENV:Header><d:timestamp xmlns:d="http://demo">2017-05-05T00:58:13.562</d:timestamp></SOAP-ENV:Header><S:Body><ns2:clear xmlns:ns2="http://ws.mediator.komparator.org/"/></S:Body></S:Envelope>

[2017-05-05T00:58:13.563] intercepted OUTbound SOAP message:
<S:Envelope xmlns:S="http://schemas.xmlsoap.org/soap/envelope/" xmlns:SOAP-ENV="http://schemas.xmlsoap.org/soap/envelope/"><SOAP-ENV:Header><d:timestamp xmlns:d="http://demo">2017-05-05T00:58:13.562</d:timestamp></SOAP-ENV:Header><S:Body><ns2:clear xmlns:ns2="http://ws.mediator.komparator.org/"/></S:Body></S:Envelope>

[2017-05-05T00:58:14.135] intercepted  INbound SOAP message:
<S:Envelope xmlns:S="http://schemas.xmlsoap.org/soap/envelope/" xmlns:SOAP-ENV="http://schemas.xmlsoap.org/soap/envelope/"><SOAP-ENV:Header><d:timestamp xmlns:d="http://demo">2017-05-05T00:58:14.090</d:timestamp></SOAP-ENV:Header><S:Body><ns2:clearResponse xmlns:ns2="http://ws.mediator.komparator.org/"/></S:Body></S:Envelope>

TIMER HANDLER --- intercepted INbound SOAP message:
SOAP message:
<S:Envelope xmlns:S="http://schemas.xmlsoap.org/soap/envelope/" xmlns:SOAP-ENV="http://schemas.xmlsoap.org/soap/envelope/"><SOAP-ENV:Header><d:timestamp xmlns:d="http://demo">2017-05-05T00:58:14.090</d:timestamp></SOAP-ENV:Header><S:Body><ns2:clearResponse xmlns:ns2="http://ws.mediator.komparator.org/"/></S:Body></S:Envelope>

CIPHER HANDLER --- intercepted INbound SOAP message.
[2017-05-05T00:58:14.138] intercepted  INbound SOAP message:
<S:Envelope xmlns:S="http://schemas.xmlsoap.org/soap/envelope/" xmlns:SOAP-ENV="http://schemas.xmlsoap.org/soap/envelope/"><SOAP-ENV:Header><d:timestamp xmlns:d="http://demo">2017-05-05T00:58:14.090</d:timestamp></SOAP-ENV:Header><S:Body><ns2:clearResponse xmlns:ns2="http://ws.mediator.komparator.org/"/></S:Body></S:Envelope>

[2017-05-05T00:58:14.813] intercepted OUTbound SOAP message:
<S:Envelope xmlns:S="http://schemas.xmlsoap.org/soap/envelope/" xmlns:SOAP-ENV="http://schemas.xmlsoap.org/soap/envelope/"><SOAP-ENV:Header/><S:Body><ns2:createProduct xmlns:ns2="http://ws.supplier.komparator.org/"><productToCreate><id>p1</id><desc>AAA bateries (pack of 3)</desc><quantity>10</quantity><price>3</price></productToCreate></ns2:createProduct></S:Body></S:Envelope>

TIMER HANDLER --- intercepted OUTbound SOAP message:
<S:Envelope xmlns:S="http://schemas.xmlsoap.org/soap/envelope/" xmlns:SOAP-ENV="http://schemas.xmlsoap.org/soap/envelope/"><SOAP-ENV:Header><d:timestamp xmlns:d="http://demo">2017-05-05T00:58:14.814</d:timestamp></SOAP-ENV:Header><S:Body><ns2:createProduct xmlns:ns2="http://ws.supplier.komparator.org/"><productToCreate><id>p1</id><desc>AAA bateries (pack of 3)</desc><quantity>10</quantity><price>3</price></productToCreate></ns2:createProduct></S:Body></S:Envelope>

[2017-05-05T00:58:14.814] intercepted OUTbound SOAP message:
<S:Envelope xmlns:S="http://schemas.xmlsoap.org/soap/envelope/" xmlns:SOAP-ENV="http://schemas.xmlsoap.org/soap/envelope/"><SOAP-ENV:Header><d:timestamp xmlns:d="http://demo">2017-05-05T00:58:14.814</d:timestamp></SOAP-ENV:Header><S:Body><ns2:createProduct xmlns:ns2="http://ws.supplier.komparator.org/"><productToCreate><id>p1</id><desc>AAA bateries (pack of 3)</desc><quantity>10</quantity><price>3</price></productToCreate></ns2:createProduct></S:Body></S:Envelope>

[2017-05-05T00:58:14.820] intercepted  INbound SOAP message:
<S:Envelope xmlns:S="http://schemas.xmlsoap.org/soap/envelope/" xmlns:SOAP-ENV="http://schemas.xmlsoap.org/soap/envelope/"><SOAP-ENV:Header><d:timestamp xmlns:d="http://demo">2017-05-05T00:58:14.819</d:timestamp></SOAP-ENV:Header><S:Body><ns2:createProductResponse xmlns:ns2="http://ws.supplier.komparator.org/"/></S:Body></S:Envelope>

TIMER HANDLER --- intercepted INbound SOAP message:
SOAP message:
<S:Envelope xmlns:S="http://schemas.xmlsoap.org/soap/envelope/" xmlns:SOAP-ENV="http://schemas.xmlsoap.org/soap/envelope/"><SOAP-ENV:Header><d:timestamp xmlns:d="http://demo">2017-05-05T00:58:14.819</d:timestamp></SOAP-ENV:Header><S:Body><ns2:createProductResponse xmlns:ns2="http://ws.supplier.komparator.org/"/></S:Body></S:Envelope>

[2017-05-05T00:58:14.822] intercepted  INbound SOAP message:
<S:Envelope xmlns:S="http://schemas.xmlsoap.org/soap/envelope/" xmlns:SOAP-ENV="http://schemas.xmlsoap.org/soap/envelope/"><SOAP-ENV:Header><d:timestamp xmlns:d="http://demo">2017-05-05T00:58:14.819</d:timestamp></SOAP-ENV:Header><S:Body><ns2:createProductResponse xmlns:ns2="http://ws.supplier.komparator.org/"/></S:Body></S:Envelope>

[2017-05-05T00:58:14.822] intercepted OUTbound SOAP message:
<S:Envelope xmlns:S="http://schemas.xmlsoap.org/soap/envelope/" xmlns:SOAP-ENV="http://schemas.xmlsoap.org/soap/envelope/"><SOAP-ENV:Header/><S:Body><ns2:createProduct xmlns:ns2="http://ws.supplier.komparator.org/"><productToCreate><id>p1</id><desc>3batteries</desc><quantity>10</quantity><price>4</price></productToCreate></ns2:createProduct></S:Body></S:Envelope>

TIMER HANDLER --- intercepted OUTbound SOAP message:
<S:Envelope xmlns:S="http://schemas.xmlsoap.org/soap/envelope/" xmlns:SOAP-ENV="http://schemas.xmlsoap.org/soap/envelope/"><SOAP-ENV:Header><d:timestamp xmlns:d="http://demo">2017-05-05T00:58:14.823</d:timestamp></SOAP-ENV:Header><S:Body><ns2:createProduct xmlns:ns2="http://ws.supplier.komparator.org/"><productToCreate><id>p1</id><desc>3batteries</desc><quantity>10</quantity><price>4</price></productToCreate></ns2:createProduct></S:Body></S:Envelope>

[2017-05-05T00:58:14.823] intercepted OUTbound SOAP message:
<S:Envelope xmlns:S="http://schemas.xmlsoap.org/soap/envelope/" xmlns:SOAP-ENV="http://schemas.xmlsoap.org/soap/envelope/"><SOAP-ENV:Header><d:timestamp xmlns:d="http://demo">2017-05-05T00:58:14.823</d:timestamp></SOAP-ENV:Header><S:Body><ns2:createProduct xmlns:ns2="http://ws.supplier.komparator.org/"><productToCreate><id>p1</id><desc>3batteries</desc><quantity>10</quantity><price>4</price></productToCreate></ns2:createProduct></S:Body></S:Envelope>

[2017-05-05T00:58:14.833] intercepted  INbound SOAP message:
<S:Envelope xmlns:S="http://schemas.xmlsoap.org/soap/envelope/" xmlns:SOAP-ENV="http://schemas.xmlsoap.org/soap/envelope/"><SOAP-ENV:Header><d:timestamp xmlns:d="http://demo">2017-05-05T00:58:14.831</d:timestamp></SOAP-ENV:Header><S:Body><ns2:createProductResponse xmlns:ns2="http://ws.supplier.komparator.org/"/></S:Body></S:Envelope>

TIMER HANDLER --- intercepted INbound SOAP message:
SOAP message:
<S:Envelope xmlns:S="http://schemas.xmlsoap.org/soap/envelope/" xmlns:SOAP-ENV="http://schemas.xmlsoap.org/soap/envelope/"><SOAP-ENV:Header><d:timestamp xmlns:d="http://demo">2017-05-05T00:58:14.831</d:timestamp></SOAP-ENV:Header><S:Body><ns2:createProductResponse xmlns:ns2="http://ws.supplier.komparator.org/"/></S:Body></S:Envelope>

[2017-05-05T00:58:14.834] intercepted  INbound SOAP message:
<S:Envelope xmlns:S="http://schemas.xmlsoap.org/soap/envelope/" xmlns:SOAP-ENV="http://schemas.xmlsoap.org/soap/envelope/"><SOAP-ENV:Header><d:timestamp xmlns:d="http://demo">2017-05-05T00:58:14.831</d:timestamp></SOAP-ENV:Header><S:Body><ns2:createProductResponse xmlns:ns2="http://ws.supplier.komparator.org/"/></S:Body></S:Envelope>

[2017-05-05T00:58:14.835] intercepted OUTbound SOAP message:
<S:Envelope xmlns:S="http://schemas.xmlsoap.org/soap/envelope/" xmlns:SOAP-ENV="http://schemas.xmlsoap.org/soap/envelope/"><SOAP-ENV:Header/><S:Body><ns2:createProduct xmlns:ns2="http://ws.supplier.komparator.org/"><productToCreate><id>p2</id><desc>AAA bateries (pack of 10)</desc><quantity>20</quantity><price>9</price></productToCreate></ns2:createProduct></S:Body></S:Envelope>

TIMER HANDLER --- intercepted OUTbound SOAP message:
<S:Envelope xmlns:S="http://schemas.xmlsoap.org/soap/envelope/" xmlns:SOAP-ENV="http://schemas.xmlsoap.org/soap/envelope/"><SOAP-ENV:Header><d:timestamp xmlns:d="http://demo">2017-05-05T00:58:14.836</d:timestamp></SOAP-ENV:Header><S:Body><ns2:createProduct xmlns:ns2="http://ws.supplier.komparator.org/"><productToCreate><id>p2</id><desc>AAA bateries (pack of 10)</desc><quantity>20</quantity><price>9</price></productToCreate></ns2:createProduct></S:Body></S:Envelope>

[2017-05-05T00:58:14.837] intercepted OUTbound SOAP message:
<S:Envelope xmlns:S="http://schemas.xmlsoap.org/soap/envelope/" xmlns:SOAP-ENV="http://schemas.xmlsoap.org/soap/envelope/"><SOAP-ENV:Header><d:timestamp xmlns:d="http://demo">2017-05-05T00:58:14.836</d:timestamp></SOAP-ENV:Header><S:Body><ns2:createProduct xmlns:ns2="http://ws.supplier.komparator.org/"><productToCreate><id>p2</id><desc>AAA bateries (pack of 10)</desc><quantity>20</quantity><price>9</price></productToCreate></ns2:createProduct></S:Body></S:Envelope>

[2017-05-05T00:58:14.887] intercepted  INbound SOAP message:
<S:Envelope xmlns:S="http://schemas.xmlsoap.org/soap/envelope/" xmlns:SOAP-ENV="http://schemas.xmlsoap.org/soap/envelope/"><SOAP-ENV:Header><d:timestamp xmlns:d="http://demo">2017-05-05T00:58:14.842</d:timestamp></SOAP-ENV:Header><S:Body><ns2:createProductResponse xmlns:ns2="http://ws.supplier.komparator.org/"/></S:Body></S:Envelope>

TIMER HANDLER --- intercepted INbound SOAP message:
SOAP message:
<S:Envelope xmlns:S="http://schemas.xmlsoap.org/soap/envelope/" xmlns:SOAP-ENV="http://schemas.xmlsoap.org/soap/envelope/"><SOAP-ENV:Header><d:timestamp xmlns:d="http://demo">2017-05-05T00:58:14.842</d:timestamp></SOAP-ENV:Header><S:Body><ns2:createProductResponse xmlns:ns2="http://ws.supplier.komparator.org/"/></S:Body></S:Envelope>

[2017-05-05T00:58:14.891] intercepted  INbound SOAP message:
<S:Envelope xmlns:S="http://schemas.xmlsoap.org/soap/envelope/" xmlns:SOAP-ENV="http://schemas.xmlsoap.org/soap/envelope/"><SOAP-ENV:Header><d:timestamp xmlns:d="http://demo">2017-05-05T00:58:14.842</d:timestamp></SOAP-ENV:Header><S:Body><ns2:createProductResponse xmlns:ns2="http://ws.supplier.komparator.org/"/></S:Body></S:Envelope>

[2017-05-05T00:58:14.891] intercepted OUTbound SOAP message:
<S:Envelope xmlns:S="http://schemas.xmlsoap.org/soap/envelope/" xmlns:SOAP-ENV="http://schemas.xmlsoap.org/soap/envelope/"><SOAP-ENV:Header/><S:Body><ns2:createProduct xmlns:ns2="http://ws.supplier.komparator.org/"><productToCreate><id>p2</id><desc>10x AAA battery</desc><quantity>20</quantity><price>8</price></productToCreate></ns2:createProduct></S:Body></S:Envelope>

TIMER HANDLER --- intercepted OUTbound SOAP message:
<S:Envelope xmlns:S="http://schemas.xmlsoap.org/soap/envelope/" xmlns:SOAP-ENV="http://schemas.xmlsoap.org/soap/envelope/"><SOAP-ENV:Header><d:timestamp xmlns:d="http://demo">2017-05-05T00:58:14.892</d:timestamp></SOAP-ENV:Header><S:Body><ns2:createProduct xmlns:ns2="http://ws.supplier.komparator.org/"><productToCreate><id>p2</id><desc>10x AAA battery</desc><quantity>20</quantity><price>8</price></productToCreate></ns2:createProduct></S:Body></S:Envelope>

[2017-05-05T00:58:14.893] intercepted OUTbound SOAP message:
<S:Envelope xmlns:S="http://schemas.xmlsoap.org/soap/envelope/" xmlns:SOAP-ENV="http://schemas.xmlsoap.org/soap/envelope/"><SOAP-ENV:Header><d:timestamp xmlns:d="http://demo">2017-05-05T00:58:14.892</d:timestamp></SOAP-ENV:Header><S:Body><ns2:createProduct xmlns:ns2="http://ws.supplier.komparator.org/"><productToCreate><id>p2</id><desc>10x AAA battery</desc><quantity>20</quantity><price>8</price></productToCreate></ns2:createProduct></S:Body></S:Envelope>

[2017-05-05T00:58:14.909] intercepted  INbound SOAP message:
<S:Envelope xmlns:S="http://schemas.xmlsoap.org/soap/envelope/" xmlns:SOAP-ENV="http://schemas.xmlsoap.org/soap/envelope/"><SOAP-ENV:Header><d:timestamp xmlns:d="http://demo">2017-05-05T00:58:14.902</d:timestamp></SOAP-ENV:Header><S:Body><ns2:createProductResponse xmlns:ns2="http://ws.supplier.komparator.org/"/></S:Body></S:Envelope>

TIMER HANDLER --- intercepted INbound SOAP message:
SOAP message:
<S:Envelope xmlns:S="http://schemas.xmlsoap.org/soap/envelope/" xmlns:SOAP-ENV="http://schemas.xmlsoap.org/soap/envelope/"><SOAP-ENV:Header><d:timestamp xmlns:d="http://demo">2017-05-05T00:58:14.902</d:timestamp></SOAP-ENV:Header><S:Body><ns2:createProductResponse xmlns:ns2="http://ws.supplier.komparator.org/"/></S:Body></S:Envelope>

[2017-05-05T00:58:14.910] intercepted  INbound SOAP message:
<S:Envelope xmlns:S="http://schemas.xmlsoap.org/soap/envelope/" xmlns:SOAP-ENV="http://schemas.xmlsoap.org/soap/envelope/"><SOAP-ENV:Header><d:timestamp xmlns:d="http://demo">2017-05-05T00:58:14.902</d:timestamp></SOAP-ENV:Header><S:Body><ns2:createProductResponse xmlns:ns2="http://ws.supplier.komparator.org/"/></S:Body></S:Envelope>

[2017-05-05T00:58:14.910] intercepted OUTbound SOAP message:
<S:Envelope xmlns:S="http://schemas.xmlsoap.org/soap/envelope/" xmlns:SOAP-ENV="http://schemas.xmlsoap.org/soap/envelope/"><SOAP-ENV:Header/><S:Body><ns2:createProduct xmlns:ns2="http://ws.supplier.komparator.org/"><productToCreate><id>p3</id><desc>Digital Multimeter</desc><quantity>5</quantity><price>15</price></productToCreate></ns2:createProduct></S:Body></S:Envelope>

TIMER HANDLER --- intercepted OUTbound SOAP message:
<S:Envelope xmlns:S="http://schemas.xmlsoap.org/soap/envelope/" xmlns:SOAP-ENV="http://schemas.xmlsoap.org/soap/envelope/"><SOAP-ENV:Header><d:timestamp xmlns:d="http://demo">2017-05-05T00:58:14.911</d:timestamp></SOAP-ENV:Header><S:Body><ns2:createProduct xmlns:ns2="http://ws.supplier.komparator.org/"><productToCreate><id>p3</id><desc>Digital Multimeter</desc><quantity>5</quantity><price>15</price></productToCreate></ns2:createProduct></S:Body></S:Envelope>

[2017-05-05T00:58:14.912] intercepted OUTbound SOAP message:
<S:Envelope xmlns:S="http://schemas.xmlsoap.org/soap/envelope/" xmlns:SOAP-ENV="http://schemas.xmlsoap.org/soap/envelope/"><SOAP-ENV:Header><d:timestamp xmlns:d="http://demo">2017-05-05T00:58:14.911</d:timestamp></SOAP-ENV:Header><S:Body><ns2:createProduct xmlns:ns2="http://ws.supplier.komparator.org/"><productToCreate><id>p3</id><desc>Digital Multimeter</desc><quantity>5</quantity><price>15</price></productToCreate></ns2:createProduct></S:Body></S:Envelope>

[2017-05-05T00:58:14.959] intercepted  INbound SOAP message:
<S:Envelope xmlns:S="http://schemas.xmlsoap.org/soap/envelope/" xmlns:SOAP-ENV="http://schemas.xmlsoap.org/soap/envelope/"><SOAP-ENV:Header><d:timestamp xmlns:d="http://demo">2017-05-05T00:58:14.916</d:timestamp></SOAP-ENV:Header><S:Body><ns2:createProductResponse xmlns:ns2="http://ws.supplier.komparator.org/"/></S:Body></S:Envelope>

TIMER HANDLER --- intercepted INbound SOAP message:
SOAP message:
<S:Envelope xmlns:S="http://schemas.xmlsoap.org/soap/envelope/" xmlns:SOAP-ENV="http://schemas.xmlsoap.org/soap/envelope/"><SOAP-ENV:Header><d:timestamp xmlns:d="http://demo">2017-05-05T00:58:14.916</d:timestamp></SOAP-ENV:Header><S:Body><ns2:createProductResponse xmlns:ns2="http://ws.supplier.komparator.org/"/></S:Body></S:Envelope>

[2017-05-05T00:58:14.960] intercepted  INbound SOAP message:
<S:Envelope xmlns:S="http://schemas.xmlsoap.org/soap/envelope/" xmlns:SOAP-ENV="http://schemas.xmlsoap.org/soap/envelope/"><SOAP-ENV:Header><d:timestamp xmlns:d="http://demo">2017-05-05T00:58:14.916</d:timestamp></SOAP-ENV:Header><S:Body><ns2:createProductResponse xmlns:ns2="http://ws.supplier.komparator.org/"/></S:Body></S:Envelope>

[2017-05-05T00:58:14.961] intercepted OUTbound SOAP message:
<S:Envelope xmlns:S="http://schemas.xmlsoap.org/soap/envelope/" xmlns:SOAP-ENV="http://schemas.xmlsoap.org/soap/envelope/"><SOAP-ENV:Header/><S:Body><ns2:createProduct xmlns:ns2="http://ws.supplier.komparator.org/"><productToCreate><id>p4</id><desc>very cheap batteries</desc><quantity>5</quantity><price>2</price></productToCreate></ns2:createProduct></S:Body></S:Envelope>

TIMER HANDLER --- intercepted OUTbound SOAP message:
<S:Envelope xmlns:S="http://schemas.xmlsoap.org/soap/envelope/" xmlns:SOAP-ENV="http://schemas.xmlsoap.org/soap/envelope/"><SOAP-ENV:Header><d:timestamp xmlns:d="http://demo">2017-05-05T00:58:14.961</d:timestamp></SOAP-ENV:Header><S:Body><ns2:createProduct xmlns:ns2="http://ws.supplier.komparator.org/"><productToCreate><id>p4</id><desc>very cheap batteries</desc><quantity>5</quantity><price>2</price></productToCreate></ns2:createProduct></S:Body></S:Envelope>

[2017-05-05T00:58:14.962] intercepted OUTbound SOAP message:
<S:Envelope xmlns:S="http://schemas.xmlsoap.org/soap/envelope/" xmlns:SOAP-ENV="http://schemas.xmlsoap.org/soap/envelope/"><SOAP-ENV:Header><d:timestamp xmlns:d="http://demo">2017-05-05T00:58:14.961</d:timestamp></SOAP-ENV:Header><S:Body><ns2:createProduct xmlns:ns2="http://ws.supplier.komparator.org/"><productToCreate><id>p4</id><desc>very cheap batteries</desc><quantity>5</quantity><price>2</price></productToCreate></ns2:createProduct></S:Body></S:Envelope>

[2017-05-05T00:58:15.011] intercepted  INbound SOAP message:
<S:Envelope xmlns:S="http://schemas.xmlsoap.org/soap/envelope/" xmlns:SOAP-ENV="http://schemas.xmlsoap.org/soap/envelope/"><SOAP-ENV:Header><d:timestamp xmlns:d="http://demo">2017-05-05T00:58:14.966</d:timestamp></SOAP-ENV:Header><S:Body><ns2:createProductResponse xmlns:ns2="http://ws.supplier.komparator.org/"/></S:Body></S:Envelope>

TIMER HANDLER --- intercepted INbound SOAP message:
SOAP message:
<S:Envelope xmlns:S="http://schemas.xmlsoap.org/soap/envelope/" xmlns:SOAP-ENV="http://schemas.xmlsoap.org/soap/envelope/"><SOAP-ENV:Header><d:timestamp xmlns:d="http://demo">2017-05-05T00:58:14.966</d:timestamp></SOAP-ENV:Header><S:Body><ns2:createProductResponse xmlns:ns2="http://ws.supplier.komparator.org/"/></S:Body></S:Envelope>

[2017-05-05T00:58:15.013] intercepted  INbound SOAP message:
<S:Envelope xmlns:S="http://schemas.xmlsoap.org/soap/envelope/" xmlns:SOAP-ENV="http://schemas.xmlsoap.org/soap/envelope/"><SOAP-ENV:Header><d:timestamp xmlns:d="http://demo">2017-05-05T00:58:14.966</d:timestamp></SOAP-ENV:Header><S:Body><ns2:createProductResponse xmlns:ns2="http://ws.supplier.komparator.org/"/></S:Body></S:Envelope>

[2017-05-05T00:58:15.013] intercepted OUTbound SOAP message:
<S:Envelope xmlns:S="http://schemas.xmlsoap.org/soap/envelope/" xmlns:SOAP-ENV="http://schemas.xmlsoap.org/soap/envelope/"><SOAP-ENV:Header/><S:Body><ns2:addToCart xmlns:ns2="http://ws.mediator.komparator.org/"><cartId>xyz</cartId><itemId><productId>p2</productId><supplierId>A67_Supplier1</supplierId></itemId><itemQty>1</itemQty></ns2:addToCart></S:Body></S:Envelope>

CIPHER HANDLER --- intercepted OUTbound SOAP message.
TIMER HANDLER --- intercepted OUTbound SOAP message:
<S:Envelope xmlns:S="http://schemas.xmlsoap.org/soap/envelope/" xmlns:SOAP-ENV="http://schemas.xmlsoap.org/soap/envelope/"><SOAP-ENV:Header><d:timestamp xmlns:d="http://demo">2017-05-05T00:58:15.014</d:timestamp></SOAP-ENV:Header><S:Body><ns2:addToCart xmlns:ns2="http://ws.mediator.komparator.org/"><cartId>xyz</cartId><itemId><productId>p2</productId><supplierId>A67_Supplier1</supplierId></itemId><itemQty>1</itemQty></ns2:addToCart></S:Body></S:Envelope>

[2017-05-05T00:58:15.015] intercepted OUTbound SOAP message:
<S:Envelope xmlns:S="http://schemas.xmlsoap.org/soap/envelope/" xmlns:SOAP-ENV="http://schemas.xmlsoap.org/soap/envelope/"><SOAP-ENV:Header><d:timestamp xmlns:d="http://demo">2017-05-05T00:58:15.014</d:timestamp></SOAP-ENV:Header><S:Body><ns2:addToCart xmlns:ns2="http://ws.mediator.komparator.org/"><cartId>xyz</cartId><itemId><productId>p2</productId><supplierId>A67_Supplier1</supplierId></itemId><itemQty>1</itemQty></ns2:addToCart></S:Body></S:Envelope>

[2017-05-05T00:58:15.305] intercepted  INbound SOAP message:
<S:Envelope xmlns:S="http://schemas.xmlsoap.org/soap/envelope/" xmlns:SOAP-ENV="http://schemas.xmlsoap.org/soap/envelope/"><SOAP-ENV:Header><d:timestamp xmlns:d="http://demo">2017-05-05T00:58:15.304</d:timestamp></SOAP-ENV:Header><S:Body><ns2:addToCartResponse xmlns:ns2="http://ws.mediator.komparator.org/"/></S:Body></S:Envelope>

TIMER HANDLER --- intercepted INbound SOAP message:
SOAP message:
<S:Envelope xmlns:S="http://schemas.xmlsoap.org/soap/envelope/" xmlns:SOAP-ENV="http://schemas.xmlsoap.org/soap/envelope/"><SOAP-ENV:Header><d:timestamp xmlns:d="http://demo">2017-05-05T00:58:15.304</d:timestamp></SOAP-ENV:Header><S:Body><ns2:addToCartResponse xmlns:ns2="http://ws.mediator.komparator.org/"/></S:Body></S:Envelope>

CIPHER HANDLER --- intercepted INbound SOAP message.
[2017-05-05T00:58:15.307] intercepted  INbound SOAP message:
<S:Envelope xmlns:S="http://schemas.xmlsoap.org/soap/envelope/" xmlns:SOAP-ENV="http://schemas.xmlsoap.org/soap/envelope/"><SOAP-ENV:Header><d:timestamp xmlns:d="http://demo">2017-05-05T00:58:15.304</d:timestamp></SOAP-ENV:Header><S:Body><ns2:addToCartResponse xmlns:ns2="http://ws.mediator.komparator.org/"/></S:Body></S:Envelope>

[2017-05-05T00:58:15.308] intercepted OUTbound SOAP message:
<S:Envelope xmlns:S="http://schemas.xmlsoap.org/soap/envelope/" xmlns:SOAP-ENV="http://schemas.xmlsoap.org/soap/envelope/"><SOAP-ENV:Header/><S:Body><ns2:buyCart xmlns:ns2="http://ws.mediator.komparator.org/"><cartId>xyz</cartId><creditCardNr>8392320</creditCardNr></ns2:buyCart></S:Body></S:Envelope>

CIPHER HANDLER --- intercepted OUTbound SOAP message.
Ignoring IOException in handler: java.io.FileNotFoundException: src/main/resources/cer (No such file or directory)
TIMER HANDLER --- intercepted OUTbound SOAP message:
<S:Envelope xmlns:S="http://schemas.xmlsoap.org/soap/envelope/" xmlns:SOAP-ENV="http://schemas.xmlsoap.org/soap/envelope/"><SOAP-ENV:Header><d:timestamp xmlns:d="http://demo">2017-05-05T00:58:15.309</d:timestamp></SOAP-ENV:Header><S:Body><ns2:buyCart xmlns:ns2="http://ws.mediator.komparator.org/"><cartId>xyz</cartId><creditCardNr>8392320</creditCardNr></ns2:buyCart></S:Body></S:Envelope>

[2017-05-05T00:58:15.309] intercepted OUTbound SOAP message:
<S:Envelope xmlns:S="http://schemas.xmlsoap.org/soap/envelope/" xmlns:SOAP-ENV="http://schemas.xmlsoap.org/soap/envelope/"><SOAP-ENV:Header><d:timestamp xmlns:d="http://demo">2017-05-05T00:58:15.309</d:timestamp></SOAP-ENV:Header><S:Body><ns2:buyCart xmlns:ns2="http://ws.mediator.komparator.org/"><cartId>xyz</cartId><creditCardNr>8392320</creditCardNr></ns2:buyCart></S:Body></S:Envelope>

[2017-05-05T00:58:15.699] intercepted  INbound SOAP message:
<S:Envelope xmlns:S="http://schemas.xmlsoap.org/soap/envelope/" xmlns:SOAP-ENV="http://schemas.xmlsoap.org/soap/envelope/"><SOAP-ENV:Header/><S:Body><S:Fault xmlns:ns3="http://www.w3.org/2003/05/soap-envelope"><faultcode>S:Server</faultcode><faultstring>java.lang.RuntimeException</faultstring></S:Fault></S:Body></S:Envelope>

[2017-05-05T00:58:15.701] intercepted OUTbound SOAP message:
<S:Envelope xmlns:S="http://schemas.xmlsoap.org/soap/envelope/" xmlns:SOAP-ENV="http://schemas.xmlsoap.org/soap/envelope/"><SOAP-ENV:Header/><S:Body><ns2:clear xmlns:ns2="http://ws.mediator.komparator.org/"/></S:Body></S:Envelope>

CIPHER HANDLER --- intercepted OUTbound SOAP message.
TIMER HANDLER --- intercepted OUTbound SOAP message:
<S:Envelope xmlns:S="http://schemas.xmlsoap.org/soap/envelope/" xmlns:SOAP-ENV="http://schemas.xmlsoap.org/soap/envelope/"><SOAP-ENV:Header><d:timestamp xmlns:d="http://demo">2017-05-05T00:58:15.702</d:timestamp></SOAP-ENV:Header><S:Body><ns2:clear xmlns:ns2="http://ws.mediator.komparator.org/"/></S:Body></S:Envelope>

[2017-05-05T00:58:15.702] intercepted OUTbound SOAP message:
<S:Envelope xmlns:S="http://schemas.xmlsoap.org/soap/envelope/" xmlns:SOAP-ENV="http://schemas.xmlsoap.org/soap/envelope/"><SOAP-ENV:Header><d:timestamp xmlns:d="http://demo">2017-05-05T00:58:15.702</d:timestamp></SOAP-ENV:Header><S:Body><ns2:clear xmlns:ns2="http://ws.mediator.komparator.org/"/></S:Body></S:Envelope>

[2017-05-05T00:58:16.287] intercepted  INbound SOAP message:
<S:Envelope xmlns:S="http://schemas.xmlsoap.org/soap/envelope/" xmlns:SOAP-ENV="http://schemas.xmlsoap.org/soap/envelope/"><SOAP-ENV:Header><d:timestamp xmlns:d="http://demo">2017-05-05T00:58:16.245</d:timestamp></SOAP-ENV:Header><S:Body><ns2:clearResponse xmlns:ns2="http://ws.mediator.komparator.org/"/></S:Body></S:Envelope>

TIMER HANDLER --- intercepted INbound SOAP message:
SOAP message:
<S:Envelope xmlns:S="http://schemas.xmlsoap.org/soap/envelope/" xmlns:SOAP-ENV="http://schemas.xmlsoap.org/soap/envelope/"><SOAP-ENV:Header><d:timestamp xmlns:d="http://demo">2017-05-05T00:58:16.245</d:timestamp></SOAP-ENV:Header><S:Body><ns2:clearResponse xmlns:ns2="http://ws.mediator.komparator.org/"/></S:Body></S:Envelope>

CIPHER HANDLER --- intercepted INbound SOAP message.
[2017-05-05T00:58:16.289] intercepted  INbound SOAP message:
<S:Envelope xmlns:S="http://schemas.xmlsoap.org/soap/envelope/" xmlns:SOAP-ENV="http://schemas.xmlsoap.org/soap/envelope/"><SOAP-ENV:Header><d:timestamp xmlns:d="http://demo">2017-05-05T00:58:16.245</d:timestamp></SOAP-ENV:Header><S:Body><ns2:clearResponse xmlns:ns2="http://ws.mediator.komparator.org/"/></S:Body></S:Envelope>

]]></system-out>
  </testcase>
  <testcase name="testFullBuy" classname="org.komparator.mediator.ws.it.BuyCartIT" time="4.075">
    <error message="Client received SOAP Fault from server: java.lang.RuntimeException Please see the server log to find more detail regarding exact cause of the failure." type="com.sun.xml.ws.fault.ServerSOAPFaultException">com.sun.xml.ws.fault.ServerSOAPFaultException: Client received SOAP Fault from server: java.lang.RuntimeException Please see the server log to find more detail regarding exact cause of the failure.
	at org.komparator.mediator.ws.it.BuyCartIT.testFullBuy(BuyCartIT.java:226)
</error>
    <system-out><![CDATA[[2017-05-05T00:58:16.291] intercepted OUTbound SOAP message:
<S:Envelope xmlns:S="http://schemas.xmlsoap.org/soap/envelope/" xmlns:SOAP-ENV="http://schemas.xmlsoap.org/soap/envelope/"><SOAP-ENV:Header/><S:Body><ns2:clear xmlns:ns2="http://ws.mediator.komparator.org/"/></S:Body></S:Envelope>

CIPHER HANDLER --- intercepted OUTbound SOAP message.
TIMER HANDLER --- intercepted OUTbound SOAP message:
<S:Envelope xmlns:S="http://schemas.xmlsoap.org/soap/envelope/" xmlns:SOAP-ENV="http://schemas.xmlsoap.org/soap/envelope/"><SOAP-ENV:Header><d:timestamp xmlns:d="http://demo">2017-05-05T00:58:16.292</d:timestamp></SOAP-ENV:Header><S:Body><ns2:clear xmlns:ns2="http://ws.mediator.komparator.org/"/></S:Body></S:Envelope>

[2017-05-05T00:58:16.292] intercepted OUTbound SOAP message:
<S:Envelope xmlns:S="http://schemas.xmlsoap.org/soap/envelope/" xmlns:SOAP-ENV="http://schemas.xmlsoap.org/soap/envelope/"><SOAP-ENV:Header><d:timestamp xmlns:d="http://demo">2017-05-05T00:58:16.292</d:timestamp></SOAP-ENV:Header><S:Body><ns2:clear xmlns:ns2="http://ws.mediator.komparator.org/"/></S:Body></S:Envelope>

[2017-05-05T00:58:16.851] intercepted  INbound SOAP message:
<S:Envelope xmlns:S="http://schemas.xmlsoap.org/soap/envelope/" xmlns:SOAP-ENV="http://schemas.xmlsoap.org/soap/envelope/"><SOAP-ENV:Header><d:timestamp xmlns:d="http://demo">2017-05-05T00:58:16.808</d:timestamp></SOAP-ENV:Header><S:Body><ns2:clearResponse xmlns:ns2="http://ws.mediator.komparator.org/"/></S:Body></S:Envelope>

TIMER HANDLER --- intercepted INbound SOAP message:
SOAP message:
<S:Envelope xmlns:S="http://schemas.xmlsoap.org/soap/envelope/" xmlns:SOAP-ENV="http://schemas.xmlsoap.org/soap/envelope/"><SOAP-ENV:Header><d:timestamp xmlns:d="http://demo">2017-05-05T00:58:16.808</d:timestamp></SOAP-ENV:Header><S:Body><ns2:clearResponse xmlns:ns2="http://ws.mediator.komparator.org/"/></S:Body></S:Envelope>

CIPHER HANDLER --- intercepted INbound SOAP message.
[2017-05-05T00:58:16.852] intercepted  INbound SOAP message:
<S:Envelope xmlns:S="http://schemas.xmlsoap.org/soap/envelope/" xmlns:SOAP-ENV="http://schemas.xmlsoap.org/soap/envelope/"><SOAP-ENV:Header><d:timestamp xmlns:d="http://demo">2017-05-05T00:58:16.808</d:timestamp></SOAP-ENV:Header><S:Body><ns2:clearResponse xmlns:ns2="http://ws.mediator.komparator.org/"/></S:Body></S:Envelope>

[2017-05-05T00:58:17.569] intercepted OUTbound SOAP message:
<S:Envelope xmlns:S="http://schemas.xmlsoap.org/soap/envelope/" xmlns:SOAP-ENV="http://schemas.xmlsoap.org/soap/envelope/"><SOAP-ENV:Header/><S:Body><ns2:createProduct xmlns:ns2="http://ws.supplier.komparator.org/"><productToCreate><id>p1</id><desc>AAA bateries (pack of 3)</desc><quantity>10</quantity><price>3</price></productToCreate></ns2:createProduct></S:Body></S:Envelope>

TIMER HANDLER --- intercepted OUTbound SOAP message:
<S:Envelope xmlns:S="http://schemas.xmlsoap.org/soap/envelope/" xmlns:SOAP-ENV="http://schemas.xmlsoap.org/soap/envelope/"><SOAP-ENV:Header><d:timestamp xmlns:d="http://demo">2017-05-05T00:58:17.571</d:timestamp></SOAP-ENV:Header><S:Body><ns2:createProduct xmlns:ns2="http://ws.supplier.komparator.org/"><productToCreate><id>p1</id><desc>AAA bateries (pack of 3)</desc><quantity>10</quantity><price>3</price></productToCreate></ns2:createProduct></S:Body></S:Envelope>

[2017-05-05T00:58:17.571] intercepted OUTbound SOAP message:
<S:Envelope xmlns:S="http://schemas.xmlsoap.org/soap/envelope/" xmlns:SOAP-ENV="http://schemas.xmlsoap.org/soap/envelope/"><SOAP-ENV:Header><d:timestamp xmlns:d="http://demo">2017-05-05T00:58:17.571</d:timestamp></SOAP-ENV:Header><S:Body><ns2:createProduct xmlns:ns2="http://ws.supplier.komparator.org/"><productToCreate><id>p1</id><desc>AAA bateries (pack of 3)</desc><quantity>10</quantity><price>3</price></productToCreate></ns2:createProduct></S:Body></S:Envelope>

[2017-05-05T00:58:17.578] intercepted  INbound SOAP message:
<S:Envelope xmlns:S="http://schemas.xmlsoap.org/soap/envelope/" xmlns:SOAP-ENV="http://schemas.xmlsoap.org/soap/envelope/"><SOAP-ENV:Header><d:timestamp xmlns:d="http://demo">2017-05-05T00:58:17.576</d:timestamp></SOAP-ENV:Header><S:Body><ns2:createProductResponse xmlns:ns2="http://ws.supplier.komparator.org/"/></S:Body></S:Envelope>

TIMER HANDLER --- intercepted INbound SOAP message:
SOAP message:
<S:Envelope xmlns:S="http://schemas.xmlsoap.org/soap/envelope/" xmlns:SOAP-ENV="http://schemas.xmlsoap.org/soap/envelope/"><SOAP-ENV:Header><d:timestamp xmlns:d="http://demo">2017-05-05T00:58:17.576</d:timestamp></SOAP-ENV:Header><S:Body><ns2:createProductResponse xmlns:ns2="http://ws.supplier.komparator.org/"/></S:Body></S:Envelope>

[2017-05-05T00:58:17.580] intercepted  INbound SOAP message:
<S:Envelope xmlns:S="http://schemas.xmlsoap.org/soap/envelope/" xmlns:SOAP-ENV="http://schemas.xmlsoap.org/soap/envelope/"><SOAP-ENV:Header><d:timestamp xmlns:d="http://demo">2017-05-05T00:58:17.576</d:timestamp></SOAP-ENV:Header><S:Body><ns2:createProductResponse xmlns:ns2="http://ws.supplier.komparator.org/"/></S:Body></S:Envelope>

[2017-05-05T00:58:17.581] intercepted OUTbound SOAP message:
<S:Envelope xmlns:S="http://schemas.xmlsoap.org/soap/envelope/" xmlns:SOAP-ENV="http://schemas.xmlsoap.org/soap/envelope/"><SOAP-ENV:Header/><S:Body><ns2:createProduct xmlns:ns2="http://ws.supplier.komparator.org/"><productToCreate><id>p1</id><desc>3batteries</desc><quantity>10</quantity><price>4</price></productToCreate></ns2:createProduct></S:Body></S:Envelope>

TIMER HANDLER --- intercepted OUTbound SOAP message:
<S:Envelope xmlns:S="http://schemas.xmlsoap.org/soap/envelope/" xmlns:SOAP-ENV="http://schemas.xmlsoap.org/soap/envelope/"><SOAP-ENV:Header><d:timestamp xmlns:d="http://demo">2017-05-05T00:58:17.583</d:timestamp></SOAP-ENV:Header><S:Body><ns2:createProduct xmlns:ns2="http://ws.supplier.komparator.org/"><productToCreate><id>p1</id><desc>3batteries</desc><quantity>10</quantity><price>4</price></productToCreate></ns2:createProduct></S:Body></S:Envelope>

[2017-05-05T00:58:17.583] intercepted OUTbound SOAP message:
<S:Envelope xmlns:S="http://schemas.xmlsoap.org/soap/envelope/" xmlns:SOAP-ENV="http://schemas.xmlsoap.org/soap/envelope/"><SOAP-ENV:Header><d:timestamp xmlns:d="http://demo">2017-05-05T00:58:17.583</d:timestamp></SOAP-ENV:Header><S:Body><ns2:createProduct xmlns:ns2="http://ws.supplier.komparator.org/"><productToCreate><id>p1</id><desc>3batteries</desc><quantity>10</quantity><price>4</price></productToCreate></ns2:createProduct></S:Body></S:Envelope>

[2017-05-05T00:58:17.592] intercepted  INbound SOAP message:
<S:Envelope xmlns:S="http://schemas.xmlsoap.org/soap/envelope/" xmlns:SOAP-ENV="http://schemas.xmlsoap.org/soap/envelope/"><SOAP-ENV:Header><d:timestamp xmlns:d="http://demo">2017-05-05T00:58:17.590</d:timestamp></SOAP-ENV:Header><S:Body><ns2:createProductResponse xmlns:ns2="http://ws.supplier.komparator.org/"/></S:Body></S:Envelope>

TIMER HANDLER --- intercepted INbound SOAP message:
SOAP message:
<S:Envelope xmlns:S="http://schemas.xmlsoap.org/soap/envelope/" xmlns:SOAP-ENV="http://schemas.xmlsoap.org/soap/envelope/"><SOAP-ENV:Header><d:timestamp xmlns:d="http://demo">2017-05-05T00:58:17.590</d:timestamp></SOAP-ENV:Header><S:Body><ns2:createProductResponse xmlns:ns2="http://ws.supplier.komparator.org/"/></S:Body></S:Envelope>

[2017-05-05T00:58:17.594] intercepted  INbound SOAP message:
<S:Envelope xmlns:S="http://schemas.xmlsoap.org/soap/envelope/" xmlns:SOAP-ENV="http://schemas.xmlsoap.org/soap/envelope/"><SOAP-ENV:Header><d:timestamp xmlns:d="http://demo">2017-05-05T00:58:17.590</d:timestamp></SOAP-ENV:Header><S:Body><ns2:createProductResponse xmlns:ns2="http://ws.supplier.komparator.org/"/></S:Body></S:Envelope>

[2017-05-05T00:58:17.595] intercepted OUTbound SOAP message:
<S:Envelope xmlns:S="http://schemas.xmlsoap.org/soap/envelope/" xmlns:SOAP-ENV="http://schemas.xmlsoap.org/soap/envelope/"><SOAP-ENV:Header/><S:Body><ns2:createProduct xmlns:ns2="http://ws.supplier.komparator.org/"><productToCreate><id>p2</id><desc>AAA bateries (pack of 10)</desc><quantity>20</quantity><price>9</price></productToCreate></ns2:createProduct></S:Body></S:Envelope>

TIMER HANDLER --- intercepted OUTbound SOAP message:
<S:Envelope xmlns:S="http://schemas.xmlsoap.org/soap/envelope/" xmlns:SOAP-ENV="http://schemas.xmlsoap.org/soap/envelope/"><SOAP-ENV:Header><d:timestamp xmlns:d="http://demo">2017-05-05T00:58:17.596</d:timestamp></SOAP-ENV:Header><S:Body><ns2:createProduct xmlns:ns2="http://ws.supplier.komparator.org/"><productToCreate><id>p2</id><desc>AAA bateries (pack of 10)</desc><quantity>20</quantity><price>9</price></productToCreate></ns2:createProduct></S:Body></S:Envelope>

[2017-05-05T00:58:17.597] intercepted OUTbound SOAP message:
<S:Envelope xmlns:S="http://schemas.xmlsoap.org/soap/envelope/" xmlns:SOAP-ENV="http://schemas.xmlsoap.org/soap/envelope/"><SOAP-ENV:Header><d:timestamp xmlns:d="http://demo">2017-05-05T00:58:17.596</d:timestamp></SOAP-ENV:Header><S:Body><ns2:createProduct xmlns:ns2="http://ws.supplier.komparator.org/"><productToCreate><id>p2</id><desc>AAA bateries (pack of 10)</desc><quantity>20</quantity><price>9</price></productToCreate></ns2:createProduct></S:Body></S:Envelope>

[2017-05-05T00:58:17.647] intercepted  INbound SOAP message:
<S:Envelope xmlns:S="http://schemas.xmlsoap.org/soap/envelope/" xmlns:SOAP-ENV="http://schemas.xmlsoap.org/soap/envelope/"><SOAP-ENV:Header><d:timestamp xmlns:d="http://demo">2017-05-05T00:58:17.604</d:timestamp></SOAP-ENV:Header><S:Body><ns2:createProductResponse xmlns:ns2="http://ws.supplier.komparator.org/"/></S:Body></S:Envelope>

TIMER HANDLER --- intercepted INbound SOAP message:
SOAP message:
<S:Envelope xmlns:S="http://schemas.xmlsoap.org/soap/envelope/" xmlns:SOAP-ENV="http://schemas.xmlsoap.org/soap/envelope/"><SOAP-ENV:Header><d:timestamp xmlns:d="http://demo">2017-05-05T00:58:17.604</d:timestamp></SOAP-ENV:Header><S:Body><ns2:createProductResponse xmlns:ns2="http://ws.supplier.komparator.org/"/></S:Body></S:Envelope>

[2017-05-05T00:58:17.648] intercepted  INbound SOAP message:
<S:Envelope xmlns:S="http://schemas.xmlsoap.org/soap/envelope/" xmlns:SOAP-ENV="http://schemas.xmlsoap.org/soap/envelope/"><SOAP-ENV:Header><d:timestamp xmlns:d="http://demo">2017-05-05T00:58:17.604</d:timestamp></SOAP-ENV:Header><S:Body><ns2:createProductResponse xmlns:ns2="http://ws.supplier.komparator.org/"/></S:Body></S:Envelope>

[2017-05-05T00:58:17.649] intercepted OUTbound SOAP message:
<S:Envelope xmlns:S="http://schemas.xmlsoap.org/soap/envelope/" xmlns:SOAP-ENV="http://schemas.xmlsoap.org/soap/envelope/"><SOAP-ENV:Header/><S:Body><ns2:createProduct xmlns:ns2="http://ws.supplier.komparator.org/"><productToCreate><id>p2</id><desc>10x AAA battery</desc><quantity>20</quantity><price>8</price></productToCreate></ns2:createProduct></S:Body></S:Envelope>

TIMER HANDLER --- intercepted OUTbound SOAP message:
<S:Envelope xmlns:S="http://schemas.xmlsoap.org/soap/envelope/" xmlns:SOAP-ENV="http://schemas.xmlsoap.org/soap/envelope/"><SOAP-ENV:Header><d:timestamp xmlns:d="http://demo">2017-05-05T00:58:17.650</d:timestamp></SOAP-ENV:Header><S:Body><ns2:createProduct xmlns:ns2="http://ws.supplier.komparator.org/"><productToCreate><id>p2</id><desc>10x AAA battery</desc><quantity>20</quantity><price>8</price></productToCreate></ns2:createProduct></S:Body></S:Envelope>

[2017-05-05T00:58:17.651] intercepted OUTbound SOAP message:
<S:Envelope xmlns:S="http://schemas.xmlsoap.org/soap/envelope/" xmlns:SOAP-ENV="http://schemas.xmlsoap.org/soap/envelope/"><SOAP-ENV:Header><d:timestamp xmlns:d="http://demo">2017-05-05T00:58:17.650</d:timestamp></SOAP-ENV:Header><S:Body><ns2:createProduct xmlns:ns2="http://ws.supplier.komparator.org/"><productToCreate><id>p2</id><desc>10x AAA battery</desc><quantity>20</quantity><price>8</price></productToCreate></ns2:createProduct></S:Body></S:Envelope>

[2017-05-05T00:58:17.658] intercepted  INbound SOAP message:
<S:Envelope xmlns:S="http://schemas.xmlsoap.org/soap/envelope/" xmlns:SOAP-ENV="http://schemas.xmlsoap.org/soap/envelope/"><SOAP-ENV:Header><d:timestamp xmlns:d="http://demo">2017-05-05T00:58:17.656</d:timestamp></SOAP-ENV:Header><S:Body><ns2:createProductResponse xmlns:ns2="http://ws.supplier.komparator.org/"/></S:Body></S:Envelope>

TIMER HANDLER --- intercepted INbound SOAP message:
SOAP message:
<S:Envelope xmlns:S="http://schemas.xmlsoap.org/soap/envelope/" xmlns:SOAP-ENV="http://schemas.xmlsoap.org/soap/envelope/"><SOAP-ENV:Header><d:timestamp xmlns:d="http://demo">2017-05-05T00:58:17.656</d:timestamp></SOAP-ENV:Header><S:Body><ns2:createProductResponse xmlns:ns2="http://ws.supplier.komparator.org/"/></S:Body></S:Envelope>

[2017-05-05T00:58:17.659] intercepted  INbound SOAP message:
<S:Envelope xmlns:S="http://schemas.xmlsoap.org/soap/envelope/" xmlns:SOAP-ENV="http://schemas.xmlsoap.org/soap/envelope/"><SOAP-ENV:Header><d:timestamp xmlns:d="http://demo">2017-05-05T00:58:17.656</d:timestamp></SOAP-ENV:Header><S:Body><ns2:createProductResponse xmlns:ns2="http://ws.supplier.komparator.org/"/></S:Body></S:Envelope>

[2017-05-05T00:58:17.660] intercepted OUTbound SOAP message:
<S:Envelope xmlns:S="http://schemas.xmlsoap.org/soap/envelope/" xmlns:SOAP-ENV="http://schemas.xmlsoap.org/soap/envelope/"><SOAP-ENV:Header/><S:Body><ns2:createProduct xmlns:ns2="http://ws.supplier.komparator.org/"><productToCreate><id>p3</id><desc>Digital Multimeter</desc><quantity>5</quantity><price>15</price></productToCreate></ns2:createProduct></S:Body></S:Envelope>

TIMER HANDLER --- intercepted OUTbound SOAP message:
<S:Envelope xmlns:S="http://schemas.xmlsoap.org/soap/envelope/" xmlns:SOAP-ENV="http://schemas.xmlsoap.org/soap/envelope/"><SOAP-ENV:Header><d:timestamp xmlns:d="http://demo">2017-05-05T00:58:17.661</d:timestamp></SOAP-ENV:Header><S:Body><ns2:createProduct xmlns:ns2="http://ws.supplier.komparator.org/"><productToCreate><id>p3</id><desc>Digital Multimeter</desc><quantity>5</quantity><price>15</price></productToCreate></ns2:createProduct></S:Body></S:Envelope>

[2017-05-05T00:58:17.662] intercepted OUTbound SOAP message:
<S:Envelope xmlns:S="http://schemas.xmlsoap.org/soap/envelope/" xmlns:SOAP-ENV="http://schemas.xmlsoap.org/soap/envelope/"><SOAP-ENV:Header><d:timestamp xmlns:d="http://demo">2017-05-05T00:58:17.661</d:timestamp></SOAP-ENV:Header><S:Body><ns2:createProduct xmlns:ns2="http://ws.supplier.komparator.org/"><productToCreate><id>p3</id><desc>Digital Multimeter</desc><quantity>5</quantity><price>15</price></productToCreate></ns2:createProduct></S:Body></S:Envelope>

[2017-05-05T00:58:17.707] intercepted  INbound SOAP message:
<S:Envelope xmlns:S="http://schemas.xmlsoap.org/soap/envelope/" xmlns:SOAP-ENV="http://schemas.xmlsoap.org/soap/envelope/"><SOAP-ENV:Header><d:timestamp xmlns:d="http://demo">2017-05-05T00:58:17.665</d:timestamp></SOAP-ENV:Header><S:Body><ns2:createProductResponse xmlns:ns2="http://ws.supplier.komparator.org/"/></S:Body></S:Envelope>

TIMER HANDLER --- intercepted INbound SOAP message:
SOAP message:
<S:Envelope xmlns:S="http://schemas.xmlsoap.org/soap/envelope/" xmlns:SOAP-ENV="http://schemas.xmlsoap.org/soap/envelope/"><SOAP-ENV:Header><d:timestamp xmlns:d="http://demo">2017-05-05T00:58:17.665</d:timestamp></SOAP-ENV:Header><S:Body><ns2:createProductResponse xmlns:ns2="http://ws.supplier.komparator.org/"/></S:Body></S:Envelope>

[2017-05-05T00:58:17.709] intercepted  INbound SOAP message:
<S:Envelope xmlns:S="http://schemas.xmlsoap.org/soap/envelope/" xmlns:SOAP-ENV="http://schemas.xmlsoap.org/soap/envelope/"><SOAP-ENV:Header><d:timestamp xmlns:d="http://demo">2017-05-05T00:58:17.665</d:timestamp></SOAP-ENV:Header><S:Body><ns2:createProductResponse xmlns:ns2="http://ws.supplier.komparator.org/"/></S:Body></S:Envelope>

[2017-05-05T00:58:17.709] intercepted OUTbound SOAP message:
<S:Envelope xmlns:S="http://schemas.xmlsoap.org/soap/envelope/" xmlns:SOAP-ENV="http://schemas.xmlsoap.org/soap/envelope/"><SOAP-ENV:Header/><S:Body><ns2:createProduct xmlns:ns2="http://ws.supplier.komparator.org/"><productToCreate><id>p4</id><desc>very cheap batteries</desc><quantity>5</quantity><price>2</price></productToCreate></ns2:createProduct></S:Body></S:Envelope>

TIMER HANDLER --- intercepted OUTbound SOAP message:
<S:Envelope xmlns:S="http://schemas.xmlsoap.org/soap/envelope/" xmlns:SOAP-ENV="http://schemas.xmlsoap.org/soap/envelope/"><SOAP-ENV:Header><d:timestamp xmlns:d="http://demo">2017-05-05T00:58:17.710</d:timestamp></SOAP-ENV:Header><S:Body><ns2:createProduct xmlns:ns2="http://ws.supplier.komparator.org/"><productToCreate><id>p4</id><desc>very cheap batteries</desc><quantity>5</quantity><price>2</price></productToCreate></ns2:createProduct></S:Body></S:Envelope>

[2017-05-05T00:58:17.711] intercepted OUTbound SOAP message:
<S:Envelope xmlns:S="http://schemas.xmlsoap.org/soap/envelope/" xmlns:SOAP-ENV="http://schemas.xmlsoap.org/soap/envelope/"><SOAP-ENV:Header><d:timestamp xmlns:d="http://demo">2017-05-05T00:58:17.710</d:timestamp></SOAP-ENV:Header><S:Body><ns2:createProduct xmlns:ns2="http://ws.supplier.komparator.org/"><productToCreate><id>p4</id><desc>very cheap batteries</desc><quantity>5</quantity><price>2</price></productToCreate></ns2:createProduct></S:Body></S:Envelope>

[2017-05-05T00:58:17.759] intercepted  INbound SOAP message:
<S:Envelope xmlns:S="http://schemas.xmlsoap.org/soap/envelope/" xmlns:SOAP-ENV="http://schemas.xmlsoap.org/soap/envelope/"><SOAP-ENV:Header><d:timestamp xmlns:d="http://demo">2017-05-05T00:58:17.716</d:timestamp></SOAP-ENV:Header><S:Body><ns2:createProductResponse xmlns:ns2="http://ws.supplier.komparator.org/"/></S:Body></S:Envelope>

TIMER HANDLER --- intercepted INbound SOAP message:
SOAP message:
<S:Envelope xmlns:S="http://schemas.xmlsoap.org/soap/envelope/" xmlns:SOAP-ENV="http://schemas.xmlsoap.org/soap/envelope/"><SOAP-ENV:Header><d:timestamp xmlns:d="http://demo">2017-05-05T00:58:17.716</d:timestamp></SOAP-ENV:Header><S:Body><ns2:createProductResponse xmlns:ns2="http://ws.supplier.komparator.org/"/></S:Body></S:Envelope>

[2017-05-05T00:58:17.761] intercepted  INbound SOAP message:
<S:Envelope xmlns:S="http://schemas.xmlsoap.org/soap/envelope/" xmlns:SOAP-ENV="http://schemas.xmlsoap.org/soap/envelope/"><SOAP-ENV:Header><d:timestamp xmlns:d="http://demo">2017-05-05T00:58:17.716</d:timestamp></SOAP-ENV:Header><S:Body><ns2:createProductResponse xmlns:ns2="http://ws.supplier.komparator.org/"/></S:Body></S:Envelope>

[2017-05-05T00:58:17.762] intercepted OUTbound SOAP message:
<S:Envelope xmlns:S="http://schemas.xmlsoap.org/soap/envelope/" xmlns:SOAP-ENV="http://schemas.xmlsoap.org/soap/envelope/"><SOAP-ENV:Header/><S:Body><ns2:addToCart xmlns:ns2="http://ws.mediator.komparator.org/"><cartId>xyz</cartId><itemId><productId>p1</productId><supplierId>A67_Supplier1</supplierId></itemId><itemQty>2</itemQty></ns2:addToCart></S:Body></S:Envelope>

CIPHER HANDLER --- intercepted OUTbound SOAP message.
TIMER HANDLER --- intercepted OUTbound SOAP message:
<S:Envelope xmlns:S="http://schemas.xmlsoap.org/soap/envelope/" xmlns:SOAP-ENV="http://schemas.xmlsoap.org/soap/envelope/"><SOAP-ENV:Header><d:timestamp xmlns:d="http://demo">2017-05-05T00:58:17.763</d:timestamp></SOAP-ENV:Header><S:Body><ns2:addToCart xmlns:ns2="http://ws.mediator.komparator.org/"><cartId>xyz</cartId><itemId><productId>p1</productId><supplierId>A67_Supplier1</supplierId></itemId><itemQty>2</itemQty></ns2:addToCart></S:Body></S:Envelope>

[2017-05-05T00:58:17.763] intercepted OUTbound SOAP message:
<S:Envelope xmlns:S="http://schemas.xmlsoap.org/soap/envelope/" xmlns:SOAP-ENV="http://schemas.xmlsoap.org/soap/envelope/"><SOAP-ENV:Header><d:timestamp xmlns:d="http://demo">2017-05-05T00:58:17.763</d:timestamp></SOAP-ENV:Header><S:Body><ns2:addToCart xmlns:ns2="http://ws.mediator.komparator.org/"><cartId>xyz</cartId><itemId><productId>p1</productId><supplierId>A67_Supplier1</supplierId></itemId><itemQty>2</itemQty></ns2:addToCart></S:Body></S:Envelope>

[2017-05-05T00:58:18.236] intercepted  INbound SOAP message:
<S:Envelope xmlns:S="http://schemas.xmlsoap.org/soap/envelope/" xmlns:SOAP-ENV="http://schemas.xmlsoap.org/soap/envelope/"><SOAP-ENV:Header><d:timestamp xmlns:d="http://demo">2017-05-05T00:58:18.229</d:timestamp></SOAP-ENV:Header><S:Body><ns2:addToCartResponse xmlns:ns2="http://ws.mediator.komparator.org/"/></S:Body></S:Envelope>

TIMER HANDLER --- intercepted INbound SOAP message:
SOAP message:
<S:Envelope xmlns:S="http://schemas.xmlsoap.org/soap/envelope/" xmlns:SOAP-ENV="http://schemas.xmlsoap.org/soap/envelope/"><SOAP-ENV:Header><d:timestamp xmlns:d="http://demo">2017-05-05T00:58:18.229</d:timestamp></SOAP-ENV:Header><S:Body><ns2:addToCartResponse xmlns:ns2="http://ws.mediator.komparator.org/"/></S:Body></S:Envelope>

CIPHER HANDLER --- intercepted INbound SOAP message.
[2017-05-05T00:58:18.237] intercepted  INbound SOAP message:
<S:Envelope xmlns:S="http://schemas.xmlsoap.org/soap/envelope/" xmlns:SOAP-ENV="http://schemas.xmlsoap.org/soap/envelope/"><SOAP-ENV:Header><d:timestamp xmlns:d="http://demo">2017-05-05T00:58:18.229</d:timestamp></SOAP-ENV:Header><S:Body><ns2:addToCartResponse xmlns:ns2="http://ws.mediator.komparator.org/"/></S:Body></S:Envelope>

[2017-05-05T00:58:18.238] intercepted OUTbound SOAP message:
<S:Envelope xmlns:S="http://schemas.xmlsoap.org/soap/envelope/" xmlns:SOAP-ENV="http://schemas.xmlsoap.org/soap/envelope/"><SOAP-ENV:Header/><S:Body><ns2:addToCart xmlns:ns2="http://ws.mediator.komparator.org/"><cartId>xyz</cartId><itemId><productId>p1</productId><supplierId>A67_Supplier2</supplierId></itemId><itemQty>1</itemQty></ns2:addToCart></S:Body></S:Envelope>

CIPHER HANDLER --- intercepted OUTbound SOAP message.
TIMER HANDLER --- intercepted OUTbound SOAP message:
<S:Envelope xmlns:S="http://schemas.xmlsoap.org/soap/envelope/" xmlns:SOAP-ENV="http://schemas.xmlsoap.org/soap/envelope/"><SOAP-ENV:Header><d:timestamp xmlns:d="http://demo">2017-05-05T00:58:18.239</d:timestamp></SOAP-ENV:Header><S:Body><ns2:addToCart xmlns:ns2="http://ws.mediator.komparator.org/"><cartId>xyz</cartId><itemId><productId>p1</productId><supplierId>A67_Supplier2</supplierId></itemId><itemQty>1</itemQty></ns2:addToCart></S:Body></S:Envelope>

[2017-05-05T00:58:18.240] intercepted OUTbound SOAP message:
<S:Envelope xmlns:S="http://schemas.xmlsoap.org/soap/envelope/" xmlns:SOAP-ENV="http://schemas.xmlsoap.org/soap/envelope/"><SOAP-ENV:Header><d:timestamp xmlns:d="http://demo">2017-05-05T00:58:18.239</d:timestamp></SOAP-ENV:Header><S:Body><ns2:addToCart xmlns:ns2="http://ws.mediator.komparator.org/"><cartId>xyz</cartId><itemId><productId>p1</productId><supplierId>A67_Supplier2</supplierId></itemId><itemQty>1</itemQty></ns2:addToCart></S:Body></S:Envelope>

[2017-05-05T00:58:18.599] intercepted  INbound SOAP message:
<S:Envelope xmlns:S="http://schemas.xmlsoap.org/soap/envelope/" xmlns:SOAP-ENV="http://schemas.xmlsoap.org/soap/envelope/"><SOAP-ENV:Header><d:timestamp xmlns:d="http://demo">2017-05-05T00:58:18.554</d:timestamp></SOAP-ENV:Header><S:Body><ns2:addToCartResponse xmlns:ns2="http://ws.mediator.komparator.org/"/></S:Body></S:Envelope>

TIMER HANDLER --- intercepted INbound SOAP message:
SOAP message:
<S:Envelope xmlns:S="http://schemas.xmlsoap.org/soap/envelope/" xmlns:SOAP-ENV="http://schemas.xmlsoap.org/soap/envelope/"><SOAP-ENV:Header><d:timestamp xmlns:d="http://demo">2017-05-05T00:58:18.554</d:timestamp></SOAP-ENV:Header><S:Body><ns2:addToCartResponse xmlns:ns2="http://ws.mediator.komparator.org/"/></S:Body></S:Envelope>

CIPHER HANDLER --- intercepted INbound SOAP message.
[2017-05-05T00:58:18.602] intercepted  INbound SOAP message:
<S:Envelope xmlns:S="http://schemas.xmlsoap.org/soap/envelope/" xmlns:SOAP-ENV="http://schemas.xmlsoap.org/soap/envelope/"><SOAP-ENV:Header><d:timestamp xmlns:d="http://demo">2017-05-05T00:58:18.554</d:timestamp></SOAP-ENV:Header><S:Body><ns2:addToCartResponse xmlns:ns2="http://ws.mediator.komparator.org/"/></S:Body></S:Envelope>

[2017-05-05T00:58:18.603] intercepted OUTbound SOAP message:
<S:Envelope xmlns:S="http://schemas.xmlsoap.org/soap/envelope/" xmlns:SOAP-ENV="http://schemas.xmlsoap.org/soap/envelope/"><SOAP-ENV:Header/><S:Body><ns2:addToCart xmlns:ns2="http://ws.mediator.komparator.org/"><cartId>xyz</cartId><itemId><productId>p2</productId><supplierId>A67_Supplier1</supplierId></itemId><itemQty>3</itemQty></ns2:addToCart></S:Body></S:Envelope>

CIPHER HANDLER --- intercepted OUTbound SOAP message.
TIMER HANDLER --- intercepted OUTbound SOAP message:
[...]

[2017-05-05T00:58:32.256] intercepted OUTbound SOAP message:
<S:Envelope xmlns:S="http://schemas.xmlsoap.org/soap/envelope/" xmlns:SOAP-ENV="http://schemas.xmlsoap.org/soap/envelope/"><SOAP-ENV:Header><d:timestamp xmlns:d="http://demo">2017-05-05T00:58:32.255</d:timestamp></SOAP-ENV:Header><S:Body><ns2:createProduct xmlns:ns2="http://ws.supplier.komparator.org/"><productToCreate><id>p3</id><desc>Digital Multimeter</desc><quantity>5</quantity><price>15</price></productToCreate></ns2:createProduct></S:Body></S:Envelope>

[2017-05-05T00:58:32.303] intercepted  INbound SOAP message:
<S:Envelope xmlns:S="http://schemas.xmlsoap.org/soap/envelope/" xmlns:SOAP-ENV="http://schemas.xmlsoap.org/soap/envelope/"><SOAP-ENV:Header><d:timestamp xmlns:d="http://demo">2017-05-05T00:58:32.260</d:timestamp></SOAP-ENV:Header><S:Body><ns2:createProductResponse xmlns:ns2="http://ws.supplier.komparator.org/"/></S:Body></S:Envelope>

TIMER HANDLER --- intercepted INbound SOAP message:
SOAP message:
<S:Envelope xmlns:S="http://schemas.xmlsoap.org/soap/envelope/" xmlns:SOAP-ENV="http://schemas.xmlsoap.org/soap/envelope/"><SOAP-ENV:Header><d:timestamp xmlns:d="http://demo">2017-05-05T00:58:32.260</d:timestamp></SOAP-ENV:Header><S:Body><ns2:createProductResponse xmlns:ns2="http://ws.supplier.komparator.org/"/></S:Body></S:Envelope>

[2017-05-05T00:58:32.305] intercepted  INbound SOAP message:
<S:Envelope xmlns:S="http://schemas.xmlsoap.org/soap/envelope/" xmlns:SOAP-ENV="http://schemas.xmlsoap.org/soap/envelope/"><SOAP-ENV:Header><d:timestamp xmlns:d="http://demo">2017-05-05T00:58:32.260</d:timestamp></SOAP-ENV:Header><S:Body><ns2:createProductResponse xmlns:ns2="http://ws.supplier.komparator.org/"/></S:Body></S:Envelope>

[2017-05-05T00:58:32.305] intercepted OUTbound SOAP message:
<S:Envelope xmlns:S="http://schemas.xmlsoap.org/soap/envelope/" xmlns:SOAP-ENV="http://schemas.xmlsoap.org/soap/envelope/"><SOAP-ENV:Header/><S:Body><ns2:createProduct xmlns:ns2="http://ws.supplier.komparator.org/"><productToCreate><id>p4</id><desc>very cheap batteries</desc><quantity>5</quantity><price>2</price></productToCreate></ns2:createProduct></S:Body></S:Envelope>

TIMER HANDLER --- intercepted OUTbound SOAP message:
<S:Envelope xmlns:S="http://schemas.xmlsoap.org/soap/envelope/" xmlns:SOAP-ENV="http://schemas.xmlsoap.org/soap/envelope/"><SOAP-ENV:Header><d:timestamp xmlns:d="http://demo">2017-05-05T00:58:32.306</d:timestamp></SOAP-ENV:Header><S:Body><ns2:createProduct xmlns:ns2="http://ws.supplier.komparator.org/"><productToCreate><id>p4</id><desc>very cheap batteries</desc><quantity>5</quantity><price>2</price></productToCreate></ns2:createProduct></S:Body></S:Envelope>

[2017-05-05T00:58:32.307] intercepted OUTbound SOAP message:
<S:Envelope xmlns:S="http://schemas.xmlsoap.org/soap/envelope/" xmlns:SOAP-ENV="http://schemas.xmlsoap.org/soap/envelope/"><SOAP-ENV:Header><d:timestamp xmlns:d="http://demo">2017-05-05T00:58:32.306</d:timestamp></SOAP-ENV:Header><S:Body><ns2:createProduct xmlns:ns2="http://ws.supplier.komparator.org/"><productToCreate><id>p4</id><desc>very cheap batteries</desc><quantity>5</quantity><price>2</price></productToCreate></ns2:createProduct></S:Body></S:Envelope>

[2017-05-05T00:58:32.355] intercepted  INbound SOAP message:
<S:Envelope xmlns:S="http://schemas.xmlsoap.org/soap/envelope/" xmlns:SOAP-ENV="http://schemas.xmlsoap.org/soap/envelope/"><SOAP-ENV:Header><d:timestamp xmlns:d="http://demo">2017-05-05T00:58:32.312</d:timestamp></SOAP-ENV:Header><S:Body><ns2:createProductResponse xmlns:ns2="http://ws.supplier.komparator.org/"/></S:Body></S:Envelope>

TIMER HANDLER --- intercepted INbound SOAP message:
SOAP message:
<S:Envelope xmlns:S="http://schemas.xmlsoap.org/soap/envelope/" xmlns:SOAP-ENV="http://schemas.xmlsoap.org/soap/envelope/"><SOAP-ENV:Header><d:timestamp xmlns:d="http://demo">2017-05-05T00:58:32.312</d:timestamp></SOAP-ENV:Header><S:Body><ns2:createProductResponse xmlns:ns2="http://ws.supplier.komparator.org/"/></S:Body></S:Envelope>

[2017-05-05T00:58:32.357] intercepted  INbound SOAP message:
<S:Envelope xmlns:S="http://schemas.xmlsoap.org/soap/envelope/" xmlns:SOAP-ENV="http://schemas.xmlsoap.org/soap/envelope/"><SOAP-ENV:Header><d:timestamp xmlns:d="http://demo">2017-05-05T00:58:32.312</d:timestamp></SOAP-ENV:Header><S:Body><ns2:createProductResponse xmlns:ns2="http://ws.supplier.komparator.org/"/></S:Body></S:Envelope>

[2017-05-05T00:58:32.358] intercepted OUTbound SOAP message:
<S:Envelope xmlns:S="http://schemas.xmlsoap.org/soap/envelope/" xmlns:SOAP-ENV="http://schemas.xmlsoap.org/soap/envelope/"><SOAP-ENV:Header/><S:Body><ns2:addToCart xmlns:ns2="http://ws.mediator.komparator.org/"><cartId>xyz</cartId><itemId><productId>p1</productId><supplierId>A67_Supplier1</supplierId></itemId><itemQty>10</itemQty></ns2:addToCart></S:Body></S:Envelope>

CIPHER HANDLER --- intercepted OUTbound SOAP message.
TIMER HANDLER --- intercepted OUTbound SOAP message:
<S:Envelope xmlns:S="http://schemas.xmlsoap.org/soap/envelope/" xmlns:SOAP-ENV="http://schemas.xmlsoap.org/soap/envelope/"><SOAP-ENV:Header><d:timestamp xmlns:d="http://demo">2017-05-05T00:58:32.359</d:timestamp></SOAP-ENV:Header><S:Body><ns2:addToCart xmlns:ns2="http://ws.mediator.komparator.org/"><cartId>xyz</cartId><itemId><productId>p1</productId><supplierId>A67_Supplier1</supplierId></itemId><itemQty>10</itemQty></ns2:addToCart></S:Body></S:Envelope>

[2017-05-05T00:58:32.359] intercepted OUTbound SOAP message:
<S:Envelope xmlns:S="http://schemas.xmlsoap.org/soap/envelope/" xmlns:SOAP-ENV="http://schemas.xmlsoap.org/soap/envelope/"><SOAP-ENV:Header><d:timestamp xmlns:d="http://demo">2017-05-05T00:58:32.359</d:timestamp></SOAP-ENV:Header><S:Body><ns2:addToCart xmlns:ns2="http://ws.mediator.komparator.org/"><cartId>xyz</cartId><itemId><productId>p1</productId><supplierId>A67_Supplier1</supplierId></itemId><itemQty>10</itemQty></ns2:addToCart></S:Body></S:Envelope>

[2017-05-05T00:58:32.659] intercepted  INbound SOAP message:
<S:Envelope xmlns:S="http://schemas.xmlsoap.org/soap/envelope/" xmlns:SOAP-ENV="http://schemas.xmlsoap.org/soap/envelope/"><SOAP-ENV:Header><d:timestamp xmlns:d="http://demo">2017-05-05T00:58:32.658</d:timestamp></SOAP-ENV:Header><S:Body><ns2:addToCartResponse xmlns:ns2="http://ws.mediator.komparator.org/"/></S:Body></S:Envelope>

TIMER HANDLER --- intercepted INbound SOAP message:
SOAP message:
<S:Envelope xmlns:S="http://schemas.xmlsoap.org/soap/envelope/" xmlns:SOAP-ENV="http://schemas.xmlsoap.org/soap/envelope/"><SOAP-ENV:Header><d:timestamp xmlns:d="http://demo">2017-05-05T00:58:32.658</d:timestamp></SOAP-ENV:Header><S:Body><ns2:addToCartResponse xmlns:ns2="http://ws.mediator.komparator.org/"/></S:Body></S:Envelope>

CIPHER HANDLER --- intercepted INbound SOAP message.
[2017-05-05T00:58:32.661] intercepted  INbound SOAP message:
<S:Envelope xmlns:S="http://schemas.xmlsoap.org/soap/envelope/" xmlns:SOAP-ENV="http://schemas.xmlsoap.org/soap/envelope/"><SOAP-ENV:Header><d:timestamp xmlns:d="http://demo">2017-05-05T00:58:32.658</d:timestamp></SOAP-ENV:Header><S:Body><ns2:addToCartResponse xmlns:ns2="http://ws.mediator.komparator.org/"/></S:Body></S:Envelope>

[2017-05-05T00:58:32.661] intercepted OUTbound SOAP message:
<S:Envelope xmlns:S="http://schemas.xmlsoap.org/soap/envelope/" xmlns:SOAP-ENV="http://schemas.xmlsoap.org/soap/envelope/"><SOAP-ENV:Header/><S:Body><ns2:addToCart xmlns:ns2="http://ws.mediator.komparator.org/"><cartId>otherXyz</cartId><itemId><productId>p1</productId><supplierId>A67_Supplier1</supplierId></itemId><itemQty>10</itemQty></ns2:addToCart></S:Body></S:Envelope>

CIPHER HANDLER --- intercepted OUTbound SOAP message.
TIMER HANDLER --- intercepted OUTbound SOAP message:
<S:Envelope xmlns:S="http://schemas.xmlsoap.org/soap/envelope/" xmlns:SOAP-ENV="http://schemas.xmlsoap.org/soap/envelope/"><SOAP-ENV:Header><d:timestamp xmlns:d="http://demo">2017-05-05T00:58:32.662</d:timestamp></SOAP-ENV:Header><S:Body><ns2:addToCart xmlns:ns2="http://ws.mediator.komparator.org/"><cartId>otherXyz</cartId><itemId><productId>p1</productId><supplierId>A67_Supplier1</supplierId></itemId><itemQty>10</itemQty></ns2:addToCart></S:Body></S:Envelope>

[2017-05-05T00:58:32.663] intercepted OUTbound SOAP message:
<S:Envelope xmlns:S="http://schemas.xmlsoap.org/soap/envelope/" xmlns:SOAP-ENV="http://schemas.xmlsoap.org/soap/envelope/"><SOAP-ENV:Header><d:timestamp xmlns:d="http://demo">2017-05-05T00:58:32.662</d:timestamp></SOAP-ENV:Header><S:Body><ns2:addToCart xmlns:ns2="http://ws.mediator.komparator.org/"><cartId>otherXyz</cartId><itemId><productId>p1</productId><supplierId>A67_Supplier1</supplierId></itemId><itemQty>10</itemQty></ns2:addToCart></S:Body></S:Envelope>

[2017-05-05T00:58:33.103] intercepted  INbound SOAP message:
<S:Envelope xmlns:S="http://schemas.xmlsoap.org/soap/envelope/" xmlns:SOAP-ENV="http://schemas.xmlsoap.org/soap/envelope/"><SOAP-ENV:Header><d:timestamp xmlns:d="http://demo">2017-05-05T00:58:33.062</d:timestamp></SOAP-ENV:Header><S:Body><ns2:addToCartResponse xmlns:ns2="http://ws.mediator.komparator.org/"/></S:Body></S:Envelope>

TIMER HANDLER --- intercepted INbound SOAP message:
SOAP message:
<S:Envelope xmlns:S="http://schemas.xmlsoap.org/soap/envelope/" xmlns:SOAP-ENV="http://schemas.xmlsoap.org/soap/envelope/"><SOAP-ENV:Header><d:timestamp xmlns:d="http://demo">2017-05-05T00:58:33.062</d:timestamp></SOAP-ENV:Header><S:Body><ns2:addToCartResponse xmlns:ns2="http://ws.mediator.komparator.org/"/></S:Body></S:Envelope>

CIPHER HANDLER --- intercepted INbound SOAP message.
[2017-05-05T00:58:33.105] intercepted  INbound SOAP message:
<S:Envelope xmlns:S="http://schemas.xmlsoap.org/soap/envelope/" xmlns:SOAP-ENV="http://schemas.xmlsoap.org/soap/envelope/"><SOAP-ENV:Header><d:timestamp xmlns:d="http://demo">2017-05-05T00:58:33.062</d:timestamp></SOAP-ENV:Header><S:Body><ns2:addToCartResponse xmlns:ns2="http://ws.mediator.komparator.org/"/></S:Body></S:Envelope>

[2017-05-05T00:58:33.105] intercepted OUTbound SOAP message:
<S:Envelope xmlns:S="http://schemas.xmlsoap.org/soap/envelope/" xmlns:SOAP-ENV="http://schemas.xmlsoap.org/soap/envelope/"><SOAP-ENV:Header/><S:Body><ns2:addToCart xmlns:ns2="http://ws.mediator.komparator.org/"><cartId>xyz</cartId><itemId><productId>p2</productId><supplierId>A67_Supplier1</supplierId></itemId><itemQty>15</itemQty></ns2:addToCart></S:Body></S:Envelope>

CIPHER HANDLER --- intercepted OUTbound SOAP message.
TIMER HANDLER --- intercepted OUTbound SOAP message:
<S:Envelope xmlns:S="http://schemas.xmlsoap.org/soap/envelope/" xmlns:SOAP-ENV="http://schemas.xmlsoap.org/soap/envelope/"><SOAP-ENV:Header><d:timestamp xmlns:d="http://demo">2017-05-05T00:58:33.106</d:timestamp></SOAP-ENV:Header><S:Body><ns2:addToCart xmlns:ns2="http://ws.mediator.komparator.org/"><cartId>xyz</cartId><itemId><productId>p2</productId><supplierId>A67_Supplier1</supplierId></itemId><itemQty>15</itemQty></ns2:addToCart></S:Body></S:Envelope>

[2017-05-05T00:58:33.107] intercepted OUTbound SOAP message:
<S:Envelope xmlns:S="http://schemas.xmlsoap.org/soap/envelope/" xmlns:SOAP-ENV="http://schemas.xmlsoap.org/soap/envelope/"><SOAP-ENV:Header><d:timestamp xmlns:d="http://demo">2017-05-05T00:58:33.106</d:timestamp></SOAP-ENV:Header><S:Body><ns2:addToCart xmlns:ns2="http://ws.mediator.komparator.org/"><cartId>xyz</cartId><itemId><productId>p2</productId><supplierId>A67_Supplier1</supplierId></itemId><itemQty>15</itemQty></ns2:addToCart></S:Body></S:Envelope>

[2017-05-05T00:58:33.495] intercepted  INbound SOAP message:
<S:Envelope xmlns:S="http://schemas.xmlsoap.org/soap/envelope/" xmlns:SOAP-ENV="http://schemas.xmlsoap.org/soap/envelope/"><SOAP-ENV:Header><d:timestamp xmlns:d="http://demo">2017-05-05T00:58:33.453</d:timestamp></SOAP-ENV:Header><S:Body><ns2:addToCartResponse xmlns:ns2="http://ws.mediator.komparator.org/"/></S:Body></S:Envelope>

TIMER HANDLER --- intercepted INbound SOAP message:
SOAP message:
<S:Envelope xmlns:S="http://schemas.xmlsoap.org/soap/envelope/" xmlns:SOAP-ENV="http://schemas.xmlsoap.org/soap/envelope/"><SOAP-ENV:Header><d:timestamp xmlns:d="http://demo">2017-05-05T00:58:33.453</d:timestamp></SOAP-ENV:Header><S:Body><ns2:addToCartResponse xmlns:ns2="http://ws.mediator.komparator.org/"/></S:Body></S:Envelope>

CIPHER HANDLER --- intercepted INbound SOAP message.
[2017-05-05T00:58:33.497] intercepted  INbound SOAP message:
<S:Envelope xmlns:S="http://schemas.xmlsoap.org/soap/envelope/" xmlns:SOAP-ENV="http://schemas.xmlsoap.org/soap/envelope/"><SOAP-ENV:Header><d:timestamp xmlns:d="http://demo">2017-05-05T00:58:33.453</d:timestamp></SOAP-ENV:Header><S:Body><ns2:addToCartResponse xmlns:ns2="http://ws.mediator.komparator.org/"/></S:Body></S:Envelope>

[2017-05-05T00:58:33.498] intercepted OUTbound SOAP message:
<S:Envelope xmlns:S="http://schemas.xmlsoap.org/soap/envelope/" xmlns:SOAP-ENV="http://schemas.xmlsoap.org/soap/envelope/"><SOAP-ENV:Header/><S:Body><ns2:addToCart xmlns:ns2="http://ws.mediator.komparator.org/"><cartId>otherXyz</cartId><itemId><productId>p2</productId><supplierId>A67_Supplier1</supplierId></itemId><itemQty>15</itemQty></ns2:addToCart></S:Body></S:Envelope>

CIPHER HANDLER --- intercepted OUTbound SOAP message.
TIMER HANDLER --- intercepted OUTbound SOAP message:
<S:Envelope xmlns:S="http://schemas.xmlsoap.org/soap/envelope/" xmlns:SOAP-ENV="http://schemas.xmlsoap.org/soap/envelope/"><SOAP-ENV:Header><d:timestamp xmlns:d="http://demo">2017-05-05T00:58:33.499</d:timestamp></SOAP-ENV:Header><S:Body><ns2:addToCart xmlns:ns2="http://ws.mediator.komparator.org/"><cartId>otherXyz</cartId><itemId><productId>p2</productId><supplierId>A67_Supplier1</supplierId></itemId><itemQty>15</itemQty></ns2:addToCart></S:Body></S:Envelope>

[2017-05-05T00:58:33.500] intercepted OUTbound SOAP message:
<S:Envelope xmlns:S="http://schemas.xmlsoap.org/soap/envelope/" xmlns:SOAP-ENV="http://schemas.xmlsoap.org/soap/envelope/"><SOAP-ENV:Header><d:timestamp xmlns:d="http://demo">2017-05-05T00:58:33.499</d:timestamp></SOAP-ENV:Header><S:Body><ns2:addToCart xmlns:ns2="http://ws.mediator.komparator.org/"><cartId>otherXyz</cartId><itemId><productId>p2</productId><supplierId>A67_Supplier1</supplierId></itemId><itemQty>15</itemQty></ns2:addToCart></S:Body></S:Envelope>

[2017-05-05T00:58:33.860] intercepted  INbound SOAP message:
<S:Envelope xmlns:S="http://schemas.xmlsoap.org/soap/envelope/" xmlns:SOAP-ENV="http://schemas.xmlsoap.org/soap/envelope/"><SOAP-ENV:Header><d:timestamp xmlns:d="http://demo">2017-05-05T00:58:33.816</d:timestamp></SOAP-ENV:Header><S:Body><ns2:addToCartResponse xmlns:ns2="http://ws.mediator.komparator.org/"/></S:Body></S:Envelope>

TIMER HANDLER --- intercepted INbound SOAP message:
SOAP message:
<S:Envelope xmlns:S="http://schemas.xmlsoap.org/soap/envelope/" xmlns:SOAP-ENV="http://schemas.xmlsoap.org/soap/envelope/"><SOAP-ENV:Header><d:timestamp xmlns:d="http://demo">2017-05-05T00:58:33.816</d:timestamp></SOAP-ENV:Header><S:Body><ns2:addToCartResponse xmlns:ns2="http://ws.mediator.komparator.org/"/></S:Body></S:Envelope>

CIPHER HANDLER --- intercepted INbound SOAP message.
[2017-05-05T00:58:33.862] intercepted  INbound SOAP message:
<S:Envelope xmlns:S="http://schemas.xmlsoap.org/soap/envelope/" xmlns:SOAP-ENV="http://schemas.xmlsoap.org/soap/envelope/"><SOAP-ENV:Header><d:timestamp xmlns:d="http://demo">2017-05-05T00:58:33.816</d:timestamp></SOAP-ENV:Header><S:Body><ns2:addToCartResponse xmlns:ns2="http://ws.mediator.komparator.org/"/></S:Body></S:Envelope>

[2017-05-05T00:58:33.863] intercepted OUTbound SOAP message:
<S:Envelope xmlns:S="http://schemas.xmlsoap.org/soap/envelope/" xmlns:SOAP-ENV="http://schemas.xmlsoap.org/soap/envelope/"><SOAP-ENV:Header/><S:Body><ns2:buyCart xmlns:ns2="http://ws.mediator.komparator.org/"><cartId>xyz</cartId><creditCardNr>1234567890123452</creditCardNr></ns2:buyCart></S:Body></S:Envelope>

CIPHER HANDLER --- intercepted OUTbound SOAP message.
Ignoring IOException in handler: java.io.FileNotFoundException: src/main/resources/cer (No such file or directory)
TIMER HANDLER --- intercepted OUTbound SOAP message:
<S:Envelope xmlns:S="http://schemas.xmlsoap.org/soap/envelope/" xmlns:SOAP-ENV="http://schemas.xmlsoap.org/soap/envelope/"><SOAP-ENV:Header><d:timestamp xmlns:d="http://demo">2017-05-05T00:58:33.865</d:timestamp></SOAP-ENV:Header><S:Body><ns2:buyCart xmlns:ns2="http://ws.mediator.komparator.org/"><cartId>xyz</cartId><creditCardNr>1234567890123452</creditCardNr></ns2:buyCart></S:Body></S:Envelope>

[2017-05-05T00:58:33.866] intercepted OUTbound SOAP message:
<S:Envelope xmlns:S="http://schemas.xmlsoap.org/soap/envelope/" xmlns:SOAP-ENV="http://schemas.xmlsoap.org/soap/envelope/"><SOAP-ENV:Header><d:timestamp xmlns:d="http://demo">2017-05-05T00:58:33.865</d:timestamp></SOAP-ENV:Header><S:Body><ns2:buyCart xmlns:ns2="http://ws.mediator.komparator.org/"><cartId>xyz</cartId><creditCardNr>1234567890123452</creditCardNr></ns2:buyCart></S:Body></S:Envelope>

[2017-05-05T00:58:34.247] intercepted  INbound SOAP message:
<S:Envelope xmlns:S="http://schemas.xmlsoap.org/soap/envelope/" xmlns:SOAP-ENV="http://schemas.xmlsoap.org/soap/envelope/"><SOAP-ENV:Header/><S:Body><S:Fault xmlns:ns3="http://www.w3.org/2003/05/soap-envelope"><faultcode>S:Server</faultcode><faultstring>java.lang.RuntimeException</faultstring></S:Fault></S:Body></S:Envelope>

[2017-05-05T00:58:34.250] intercepted OUTbound SOAP message:
<S:Envelope xmlns:S="http://schemas.xmlsoap.org/soap/envelope/" xmlns:SOAP-ENV="http://schemas.xmlsoap.org/soap/envelope/"><SOAP-ENV:Header/><S:Body><ns2:clear xmlns:ns2="http://ws.mediator.komparator.org/"/></S:Body></S:Envelope>

CIPHER HANDLER --- intercepted OUTbound SOAP message.
TIMER HANDLER --- intercepted OUTbound SOAP message:
<S:Envelope xmlns:S="http://schemas.xmlsoap.org/soap/envelope/" xmlns:SOAP-ENV="http://schemas.xmlsoap.org/soap/envelope/"><SOAP-ENV:Header><d:timestamp xmlns:d="http://demo">2017-05-05T00:58:34.251</d:timestamp></SOAP-ENV:Header><S:Body><ns2:clear xmlns:ns2="http://ws.mediator.komparator.org/"/></S:Body></S:Envelope>

[2017-05-05T00:58:34.252] intercepted OUTbound SOAP message:
<S:Envelope xmlns:S="http://schemas.xmlsoap.org/soap/envelope/" xmlns:SOAP-ENV="http://schemas.xmlsoap.org/soap/envelope/"><SOAP-ENV:Header><d:timestamp xmlns:d="http://demo">2017-05-05T00:58:34.251</d:timestamp></SOAP-ENV:Header><S:Body><ns2:clear xmlns:ns2="http://ws.mediator.komparator.org/"/></S:Body></S:Envelope>

[2017-05-05T00:58:34.803] intercepted  INbound SOAP message:
<S:Envelope xmlns:S="http://schemas.xmlsoap.org/soap/envelope/" xmlns:SOAP-ENV="http://schemas.xmlsoap.org/soap/envelope/"><SOAP-ENV:Header><d:timestamp xmlns:d="http://demo">2017-05-05T00:58:34.758</d:timestamp></SOAP-ENV:Header><S:Body><ns2:clearResponse xmlns:ns2="http://ws.mediator.komparator.org/"/></S:Body></S:Envelope>

TIMER HANDLER --- intercepted INbound SOAP message:
SOAP message:
<S:Envelope xmlns:S="http://schemas.xmlsoap.org/soap/envelope/" xmlns:SOAP-ENV="http://schemas.xmlsoap.org/soap/envelope/"><SOAP-ENV:Header><d:timestamp xmlns:d="http://demo">2017-05-05T00:58:34.758</d:timestamp></SOAP-ENV:Header><S:Body><ns2:clearResponse xmlns:ns2="http://ws.mediator.komparator.org/"/></S:Body></S:Envelope>

CIPHER HANDLER --- intercepted INbound SOAP message.
[2017-05-05T00:58:34.804] intercepted  INbound SOAP message:
<S:Envelope xmlns:S="http://schemas.xmlsoap.org/soap/envelope/" xmlns:SOAP-ENV="http://schemas.xmlsoap.org/soap/envelope/"><SOAP-ENV:Header><d:timestamp xmlns:d="http://demo">2017-05-05T00:58:34.758</d:timestamp></SOAP-ENV:Header><S:Body><ns2:clearResponse xmlns:ns2="http://ws.mediator.komparator.org/"/></S:Body></S:Envelope>

]]></system-out>
  </testcase>
</testsuite>